2021/07/12 15:56:06 [error] 4532#0: *986 FastCGI sent in stderr: "PHP message: PHP Fatal error:  Uncaught Error: Call to undefined function twentytwenty_the_theme_svg() in /Users/teejayhidalgo/Local Sites/falconx/app/bedrock/web/app/themes/falconx-theme/header.php:51
Stack trace:
#0 /Users/teejayhidalgo/Local Sites/falconx/app/bedrock/web/wp/wp-includes/template.php(730): require_once()
#1 /Users/teejayhidalgo/Local Sites/falconx/app/bedrock/web/wp/wp-includes/template.php(676): load_template('/Users/teejayhi...', true, Array)
#2 /Users/teejayhidalgo/Local Sites/falconx/app/bedrock/web/wp/wp-includes/general-template.php(48): locate_template(Array, true, true, Array)
#3 /Users/teejayhidalgo/Local Sites/falconx/app/bedrock/web/app/themes/falconx-theme/index.php(17): get_header()
#4 /Users/teejayhidalgo/Local Sites/falconx/app/bedrock/web/wp/wp-includes/template-loader.php(106): include('/Users/teejayhi...')
#5 /Users/teejayhidalgo/Local Sites/falconx/app/bedrock/web/wp/wp-blog-header.php(19): require_once('/Users/teejayhi...')
#6 /Users/teejayhidalgo/Local Sites/" while reading upstream, client: 127.0.0.1, server: , request: "GET / HTTP/1.0", upstream: "fastcgi://unix:/Users/teejayhidalgo/Library/Application Support/Local/run/3m2dYTpHQ/php/php-fpm.socket:", host: "falconx.local", referrer: "http://falconx.local/wp/wp-admin/themes.php"
2021/07/12 15:57:06 [error] 4532#0: *998 FastCGI sent in stderr: "PHP message: PHP Fatal error:  Uncaught Error: Call to undefined function twentytwenty_the_theme_svg() in /Users/teejayhidalgo/Local Sites/falconx/app/bedrock/web/app/themes/falconx-theme/header.php:51
Stack trace:
#0 /Users/teejayhidalgo/Local Sites/falconx/app/bedrock/web/wp/wp-includes/template.php(730): require_once()
#1 /Users/teejayhidalgo/Local Sites/falconx/app/bedrock/web/wp/wp-includes/template.php(676): load_template('/Users/teejayhi...', true, Array)
#2 /Users/teejayhidalgo/Local Sites/falconx/app/bedrock/web/wp/wp-includes/general-template.php(48): locate_template(Array, true, true, Array)
#3 /Users/teejayhidalgo/Local Sites/falconx/app/bedrock/web/app/themes/falconx-theme/index.php(17): get_header()
#4 /Users/teejayhidalgo/Local Sites/falconx/app/bedrock/web/wp/wp-includes/template-loader.php(106): include('/Users/teejayhi...')
#5 /Users/teejayhidalgo/Local Sites/falconx/app/bedrock/web/wp/wp-blog-header.php(19): require_once('/Users/teejayhi...')
#6 /Users/teejayhidalgo/Local Sites/" while reading upstream, client: 127.0.0.1, server: , request: "GET / HTTP/1.0", upstream: "fastcgi://unix:/Users/teejayhidalgo/Library/Application Support/Local/run/3m2dYTpHQ/php/php-fpm.socket:", host: "falconx.local", referrer: "http://falconx.local/wp/wp-admin/themes.php"
2021/07/12 15:57:07 [error] 4532#0: *1008 FastCGI sent in stderr: "PHP message: PHP Fatal error:  Uncaught Error: Call to undefined function twentytwenty_the_theme_svg() in /Users/teejayhidalgo/Local Sites/falconx/app/bedrock/web/app/themes/falconx-theme/header.php:51
Stack trace:
#0 /Users/teejayhidalgo/Local Sites/falconx/app/bedrock/web/wp/wp-includes/template.php(730): require_once()
#1 /Users/teejayhidalgo/Local Sites/falconx/app/bedrock/web/wp/wp-includes/template.php(676): load_template('/Users/teejayhi...', true, Array)
#2 /Users/teejayhidalgo/Local Sites/falconx/app/bedrock/web/wp/wp-includes/general-template.php(48): locate_template(Array, true, true, Array)
#3 /Users/teejayhidalgo/Local Sites/falconx/app/bedrock/web/app/themes/falconx-theme/index.php(17): get_header()
#4 /Users/teejayhidalgo/Local Sites/falconx/app/bedrock/web/wp/wp-includes/template-loader.php(106): include('/Users/teejayhi...')
#5 /Users/teejayhidalgo/Local Sites/falconx/app/bedrock/web/wp/wp-blog-header.php(19): require_once('/Users/teejayhi...')
#6 /Users/teejayhidalgo/Local Sites/" while reading upstream, client: 127.0.0.1, server: , request: "GET / HTTP/1.0", upstream: "fastcgi://unix:/Users/teejayhidalgo/Library/Application Support/Local/run/3m2dYTpHQ/php/php-fpm.socket:", host: "falconx.local", referrer: "http://falconx.local/wp/wp-admin/themes.php"
2021/07/12 15:57:36 [error] 4532#0: *1018 FastCGI sent in stderr: "PHP message: PHP Fatal error:  Uncaught Error: Call to undefined function twentytwenty_the_theme_svg() in /Users/teejayhidalgo/Local Sites/falconx/app/bedrock/web/app/themes/falconx-theme/header.php:51
Stack trace:
#0 /Users/teejayhidalgo/Local Sites/falconx/app/bedrock/web/wp/wp-includes/template.php(730): require_once()
#1 /Users/teejayhidalgo/Local Sites/falconx/app/bedrock/web/wp/wp-includes/template.php(676): load_template('/Users/teejayhi...', true, Array)
#2 /Users/teejayhidalgo/Local Sites/falconx/app/bedrock/web/wp/wp-includes/general-template.php(48): locate_template(Array, true, true, Array)
#3 /Users/teejayhidalgo/Local Sites/falconx/app/bedrock/web/app/themes/falconx-theme/index.php(17): get_header()
#4 /Users/teejayhidalgo/Local Sites/falconx/app/bedrock/web/wp/wp-includes/template-loader.php(106): include('/Users/teejayhi...')
#5 /Users/teejayhidalgo/Local Sites/falconx/app/bedrock/web/wp/wp-blog-header.php(19): require_once('/Users/teejayhi...')
#6 /Users/teejayhidalgo/Local Sites/" while reading upstream, client: 127.0.0.1, server: , request: "GET / HTTP/1.0", upstream: "fastcgi://unix:/Users/teejayhidalgo/Library/Application Support/Local/run/3m2dYTpHQ/php/php-fpm.socket:", host: "falconx.local", referrer: "http://falconx.local/wp/wp-admin/themes.php"
2021/07/12 15:57:37 [error] 4532#0: *1034 FastCGI sent in stderr: "PHP message: PHP Fatal error:  Uncaught Error: Call to undefined function twentytwenty_the_theme_svg() in /Users/teejayhidalgo/Local Sites/falconx/app/bedrock/web/app/themes/falconx-theme/header.php:51
Stack trace:
#0 /Users/teejayhidalgo/Local Sites/falconx/app/bedrock/web/wp/wp-includes/template.php(730): require_once()
#1 /Users/teejayhidalgo/Local Sites/falconx/app/bedrock/web/wp/wp-includes/template.php(676): load_template('/Users/teejayhi...', true, Array)
#2 /Users/teejayhidalgo/Local Sites/falconx/app/bedrock/web/wp/wp-includes/general-template.php(48): locate_template(Array, true, true, Array)
#3 /Users/teejayhidalgo/Local Sites/falconx/app/bedrock/web/app/themes/falconx-theme/index.php(17): get_header()
#4 /Users/teejayhidalgo/Local Sites/falconx/app/bedrock/web/wp/wp-includes/template-loader.php(106): include('/Users/teejayhi...')
#5 /Users/teejayhidalgo/Local Sites/falconx/app/bedrock/web/wp/wp-blog-header.php(19): require_once('/Users/teejayhi...')
#6 /Users/teejayhidalgo/Local Sites/" while reading upstream, client: 127.0.0.1, server: , request: "GET / HTTP/1.0", upstream: "fastcgi://unix:/Users/teejayhidalgo/Library/Application Support/Local/run/3m2dYTpHQ/php/php-fpm.socket:", host: "falconx.local", referrer: "http://falconx.local/wp/wp-admin/themes.php"
2021/07/12 15:57:38 [error] 4532#0: *1044 FastCGI sent in stderr: "PHP message: PHP Fatal error:  Uncaught Error: Call to undefined function twentytwenty_the_theme_svg() in /Users/teejayhidalgo/Local Sites/falconx/app/bedrock/web/app/themes/falconx-theme/header.php:51
Stack trace:
#0 /Users/teejayhidalgo/Local Sites/falconx/app/bedrock/web/wp/wp-includes/template.php(730): require_once()
#1 /Users/teejayhidalgo/Local Sites/falconx/app/bedrock/web/wp/wp-includes/template.php(676): load_template('/Users/teejayhi...', true, Array)
#2 /Users/teejayhidalgo/Local Sites/falconx/app/bedrock/web/wp/wp-includes/general-template.php(48): locate_template(Array, true, true, Array)
#3 /Users/teejayhidalgo/Local Sites/falconx/app/bedrock/web/app/themes/falconx-theme/index.php(17): get_header()
#4 /Users/teejayhidalgo/Local Sites/falconx/app/bedrock/web/wp/wp-includes/template-loader.php(106): include('/Users/teejayhi...')
#5 /Users/teejayhidalgo/Local Sites/falconx/app/bedrock/web/wp/wp-blog-header.php(19): require_once('/Users/teejayhi...')
#6 /Users/teejayhidalgo/Local Sites/" while reading upstream, client: 127.0.0.1, server: , request: "GET / HTTP/1.0", upstream: "fastcgi://unix:/Users/teejayhidalgo/Library/Application Support/Local/run/3m2dYTpHQ/php/php-fpm.socket:", host: "falconx.local", referrer: "http://falconx.local/wp/wp-admin/themes.php"
2021/07/12 15:57:39 [error] 4532#0: *1058 FastCGI sent in stderr: "PHP message: PHP Fatal error:  Uncaught Error: Call to undefined function twentytwenty_the_theme_svg() in /Users/teejayhidalgo/Local Sites/falconx/app/bedrock/web/app/themes/falconx-theme/header.php:51
Stack trace:
#0 /Users/teejayhidalgo/Local Sites/falconx/app/bedrock/web/wp/wp-includes/template.php(730): require_once()
#1 /Users/teejayhidalgo/Local Sites/falconx/app/bedrock/web/wp/wp-includes/template.php(676): load_template('/Users/teejayhi...', true, Array)
#2 /Users/teejayhidalgo/Local Sites/falconx/app/bedrock/web/wp/wp-includes/general-template.php(48): locate_template(Array, true, true, Array)
#3 /Users/teejayhidalgo/Local Sites/falconx/app/bedrock/web/app/themes/falconx-theme/index.php(17): get_header()
#4 /Users/teejayhidalgo/Local Sites/falconx/app/bedrock/web/wp/wp-includes/template-loader.php(106): include('/Users/teejayhi...')
#5 /Users/teejayhidalgo/Local Sites/falconx/app/bedrock/web/wp/wp-blog-header.php(19): require_once('/Users/teejayhi...')
#6 /Users/teejayhidalgo/Local Sites/" while reading upstream, client: 127.0.0.1, server: , request: "GET / HTTP/1.0", upstream: "fastcgi://unix:/Users/teejayhidalgo/Library/Application Support/Local/run/3m2dYTpHQ/php/php-fpm.socket:", host: "falconx.local", referrer: "http://falconx.local/wp/wp-admin/themes.php"
2021/07/12 15:57:40 [error] 4532#0: *1068 FastCGI sent in stderr: "PHP message: PHP Fatal error:  Uncaught Error: Call to undefined function twentytwenty_the_theme_svg() in /Users/teejayhidalgo/Local Sites/falconx/app/bedrock/web/app/themes/falconx-theme/header.php:51
Stack trace:
#0 /Users/teejayhidalgo/Local Sites/falconx/app/bedrock/web/wp/wp-includes/template.php(730): require_once()
#1 /Users/teejayhidalgo/Local Sites/falconx/app/bedrock/web/wp/wp-includes/template.php(676): load_template('/Users/teejayhi...', true, Array)
#2 /Users/teejayhidalgo/Local Sites/falconx/app/bedrock/web/wp/wp-includes/general-template.php(48): locate_template(Array, true, true, Array)
#3 /Users/teejayhidalgo/Local Sites/falconx/app/bedrock/web/app/themes/falconx-theme/index.php(17): get_header()
#4 /Users/teejayhidalgo/Local Sites/falconx/app/bedrock/web/wp/wp-includes/template-loader.php(106): include('/Users/teejayhi...')
#5 /Users/teejayhidalgo/Local Sites/falconx/app/bedrock/web/wp/wp-blog-header.php(19): require_once('/Users/teejayhi...')
#6 /Users/teejayhidalgo/Local Sites/" while reading upstream, client: 127.0.0.1, server: , request: "GET / HTTP/1.0", upstream: "fastcgi://unix:/Users/teejayhidalgo/Library/Application Support/Local/run/3m2dYTpHQ/php/php-fpm.socket:", host: "falconx.local", referrer: "http://falconx.local/wp/wp-admin/themes.php"
2021/07/12 15:57:41 [error] 4532#0: *1078 FastCGI sent in stderr: "PHP message: PHP Fatal error:  Uncaught Error: Call to undefined function twentytwenty_the_theme_svg() in /Users/teejayhidalgo/Local Sites/falconx/app/bedrock/web/app/themes/falconx-theme/header.php:51
Stack trace:
#0 /Users/teejayhidalgo/Local Sites/falconx/app/bedrock/web/wp/wp-includes/template.php(730): require_once()
#1 /Users/teejayhidalgo/Local Sites/falconx/app/bedrock/web/wp/wp-includes/template.php(676): load_template('/Users/teejayhi...', true, Array)
#2 /Users/teejayhidalgo/Local Sites/falconx/app/bedrock/web/wp/wp-includes/general-template.php(48): locate_template(Array, true, true, Array)
#3 /Users/teejayhidalgo/Local Sites/falconx/app/bedrock/web/app/themes/falconx-theme/index.php(17): get_header()
#4 /Users/teejayhidalgo/Local Sites/falconx/app/bedrock/web/wp/wp-includes/template-loader.php(106): include('/Users/teejayhi...')
#5 /Users/teejayhidalgo/Local Sites/falconx/app/bedrock/web/wp/wp-blog-header.php(19): require_once('/Users/teejayhi...')
#6 /Users/teejayhidalgo/Local Sites/" while reading upstream, client: 127.0.0.1, server: , request: "GET / HTTP/1.0", upstream: "fastcgi://unix:/Users/teejayhidalgo/Library/Application Support/Local/run/3m2dYTpHQ/php/php-fpm.socket:", host: "falconx.local", referrer: "http://falconx.local/wp/wp-admin/themes.php"
2021/07/12 15:57:41 [error] 4532#0: *1088 FastCGI sent in stderr: "PHP message: PHP Fatal error:  Uncaught Error: Call to undefined function twentytwenty_the_theme_svg() in /Users/teejayhidalgo/Local Sites/falconx/app/bedrock/web/app/themes/falconx-theme/header.php:51
Stack trace:
#0 /Users/teejayhidalgo/Local Sites/falconx/app/bedrock/web/wp/wp-includes/template.php(730): require_once()
#1 /Users/teejayhidalgo/Local Sites/falconx/app/bedrock/web/wp/wp-includes/template.php(676): load_template('/Users/teejayhi...', true, Array)
#2 /Users/teejayhidalgo/Local Sites/falconx/app/bedrock/web/wp/wp-includes/general-template.php(48): locate_template(Array, true, true, Array)
#3 /Users/teejayhidalgo/Local Sites/falconx/app/bedrock/web/app/themes/falconx-theme/index.php(17): get_header()
#4 /Users/teejayhidalgo/Local Sites/falconx/app/bedrock/web/wp/wp-includes/template-loader.php(106): include('/Users/teejayhi...')
#5 /Users/teejayhidalgo/Local Sites/falconx/app/bedrock/web/wp/wp-blog-header.php(19): require_once('/Users/teejayhi...')
#6 /Users/teejayhidalgo/Local Sites/" while reading upstream, client: 127.0.0.1, server: , request: "GET / HTTP/1.0", upstream: "fastcgi://unix:/Users/teejayhidalgo/Library/Application Support/Local/run/3m2dYTpHQ/php/php-fpm.socket:", host: "falconx.local", referrer: "http://falconx.local/wp/wp-admin/themes.php"
2021/07/12 15:57:42 [error] 4532#0: *1098 FastCGI sent in stderr: "PHP message: PHP Fatal error:  Uncaught Error: Call to undefined function twentytwenty_the_theme_svg() in /Users/teejayhidalgo/Local Sites/falconx/app/bedrock/web/app/themes/falconx-theme/header.php:51
Stack trace:
#0 /Users/teejayhidalgo/Local Sites/falconx/app/bedrock/web/wp/wp-includes/template.php(730): require_once()
#1 /Users/teejayhidalgo/Local Sites/falconx/app/bedrock/web/wp/wp-includes/template.php(676): load_template('/Users/teejayhi...', true, Array)
#2 /Users/teejayhidalgo/Local Sites/falconx/app/bedrock/web/wp/wp-includes/general-template.php(48): locate_template(Array, true, true, Array)
#3 /Users/teejayhidalgo/Local Sites/falconx/app/bedrock/web/app/themes/falconx-theme/index.php(17): get_header()
#4 /Users/teejayhidalgo/Local Sites/falconx/app/bedrock/web/wp/wp-includes/template-loader.php(106): include('/Users/teejayhi...')
#5 /Users/teejayhidalgo/Local Sites/falconx/app/bedrock/web/wp/wp-blog-header.php(19): require_once('/Users/teejayhi...')
#6 /Users/teejayhidalgo/Local Sites/" while reading upstream, client: 127.0.0.1, server: , request: "GET / HTTP/1.0", upstream: "fastcgi://unix:/Users/teejayhidalgo/Library/Application Support/Local/run/3m2dYTpHQ/php/php-fpm.socket:", host: "falconx.local", referrer: "http://falconx.local/wp/wp-admin/themes.php"
2021/07/12 15:57:43 [error] 4532#0: *1108 FastCGI sent in stderr: "PHP message: PHP Fatal error:  Uncaught Error: Call to undefined function twentytwenty_the_theme_svg() in /Users/teejayhidalgo/Local Sites/falconx/app/bedrock/web/app/themes/falconx-theme/header.php:51
Stack trace:
#0 /Users/teejayhidalgo/Local Sites/falconx/app/bedrock/web/wp/wp-includes/template.php(730): require_once()
#1 /Users/teejayhidalgo/Local Sites/falconx/app/bedrock/web/wp/wp-includes/template.php(676): load_template('/Users/teejayhi...', true, Array)
#2 /Users/teejayhidalgo/Local Sites/falconx/app/bedrock/web/wp/wp-includes/general-template.php(48): locate_template(Array, true, true, Array)
#3 /Users/teejayhidalgo/Local Sites/falconx/app/bedrock/web/app/themes/falconx-theme/index.php(17): get_header()
#4 /Users/teejayhidalgo/Local Sites/falconx/app/bedrock/web/wp/wp-includes/template-loader.php(106): include('/Users/teejayhi...')
#5 /Users/teejayhidalgo/Local Sites/falconx/app/bedrock/web/wp/wp-blog-header.php(19): require_once('/Users/teejayhi...')
#6 /Users/teejayhidalgo/Local Sites/" while reading upstream, client: 127.0.0.1, server: , request: "GET / HTTP/1.0", upstream: "fastcgi://unix:/Users/teejayhidalgo/Library/Application Support/Local/run/3m2dYTpHQ/php/php-fpm.socket:", host: "falconx.local", referrer: "http://falconx.local/wp/wp-admin/themes.php"
2021/07/12 16:16:48 [error] 4532#0: *1377 FastCGI sent in stderr: "PHP message: PHP Warning:  require(/Users/teejayhidalgo/Local Sites/falconx/app/bedrock/web/app/themes/falconx-theme/inc/template-tags.php): failed to open stream: No such file or directory in /Users/teejayhidalgo/Local Sites/falconx/app/bedrock/web/app/themes/falconx-theme/functions.php on line 154PHP message: PHP Stack trace:PHP message: PHP   1. {main}() /Users/teejayhidalgo/Local Sites/falconx/app/bedrock/web/index.php:0PHP message: PHP   2. require() /Users/teejayhidalgo/Local Sites/falconx/app/bedrock/web/index.php:6PHP message: PHP   3. require_once() /Users/teejayhidalgo/Local Sites/falconx/app/bedrock/web/wp/wp-blog-header.php:13PHP message: PHP   4. require_once() /Users/teejayhidalgo/Local Sites/falconx/app/bedrock/web/wp/wp-load.php:42PHP message: PHP   5. require_once() /Users/teejayhidalgo/Local Sites/falconx/app/bedrock/web/wp-config.php:9PHP message: PHP   6. include() /Users/teejayhidalgo/Local Sites/falconx/app/bedrock/web/wp/wp-settings.php:528PHP message: PHP Fatal error:  require(): Failed opening required '/Users/teejayhidalgo/Local Sites/falconx/app/bedrock/web/app/themes/falconx-theme/inc/template-tags.php' (include_path='.:/usr/share/php:/www/wp-content/pear') in /Users/teejayhidalgo/Local Sites/falconx/app/bedrock/web/app/themes/falconx-theme/functions.php on line 154PHP message: PHP Stack trace:PHP message: PHP   1. {main}() /Users/teejayhidalgo/Local Sites/falconx/app/bedrock/web/index.php:0PHP message: PHP   2. require() /Users/teejayhidalgo/Local Sites/falconx/app/bedrock/web/index.php:6PHP message: PHP   3. require_once() /Users/teejayhidalgo/Local Sites/falconx/app/bedrock/web/wp/wp-blog-header.php:13PHP message: PHP   4. require_once() /Users/teejayhidalgo/Local Sites/falconx/app/bedrock/web/wp/wp-load.php:42PHP message: PHP   5. require_once() /Users/teejayhidalgo/Local Sites/falconx/app/bedrock/web/wp-config.php:9PHP message: PHP   6. include() /Users/teejayhidalgo/Local Sites/falconx/app/bedrock/web/wp/wp-setti
2021/07/12 16:16:48 [error] 4532#0: *1379 FastCGI sent in stderr: "PHP message: PHP Warning:  require(/Users/teejayhidalgo/Local Sites/falconx/app/bedrock/web/app/themes/falconx-theme/inc/template-tags.php): failed to open stream: No such file or directory in /Users/teejayhidalgo/Local Sites/falconx/app/bedrock/web/app/themes/falconx-theme/functions.php on line 154PHP message: PHP Stack trace:PHP message: PHP   1. {main}() /Users/teejayhidalgo/Local Sites/falconx/app/bedrock/web/index.php:0PHP message: PHP   2. require() /Users/teejayhidalgo/Local Sites/falconx/app/bedrock/web/index.php:6PHP message: PHP   3. require_once() /Users/teejayhidalgo/Local Sites/falconx/app/bedrock/web/wp/wp-blog-header.php:13PHP message: PHP   4. require_once() /Users/teejayhidalgo/Local Sites/falconx/app/bedrock/web/wp/wp-load.php:42PHP message: PHP   5. require_once() /Users/teejayhidalgo/Local Sites/falconx/app/bedrock/web/wp-config.php:9PHP message: PHP   6. include() /Users/teejayhidalgo/Local Sites/falconx/app/bedrock/web/wp/wp-settings.php:528PHP message: PHP Fatal error:  require(): Failed opening required '/Users/teejayhidalgo/Local Sites/falconx/app/bedrock/web/app/themes/falconx-theme/inc/template-tags.php' (include_path='.:/usr/share/php:/www/wp-content/pear') in /Users/teejayhidalgo/Local Sites/falconx/app/bedrock/web/app/themes/falconx-theme/functions.php on line 154PHP message: PHP Stack trace:PHP message: PHP   1. {main}() /Users/teejayhidalgo/Local Sites/falconx/app/bedrock/web/index.php:0PHP message: PHP   2. require() /Users/teejayhidalgo/Local Sites/falconx/app/bedrock/web/index.php:6PHP message: PHP   3. require_once() /Users/teejayhidalgo/Local Sites/falconx/app/bedrock/web/wp/wp-blog-header.php:13PHP message: PHP   4. require_once() /Users/teejayhidalgo/Local Sites/falconx/app/bedrock/web/wp/wp-load.php:42PHP message: PHP   5. require_once() /Users/teejayhidalgo/Local Sites/falconx/app/bedrock/web/wp-config.php:9PHP message: PHP   6. include() /Users/teejayhidalgo/Local Sites/falconx/app/bedrock/web/wp/wp-setti
2021/07/12 16:17:00 [error] 4532#0: *1381 FastCGI sent in stderr: "PHP message: PHP Warning:  require(/Users/teejayhidalgo/Local Sites/falconx/app/bedrock/web/app/themes/falconx-theme/inc/template-tags.php): failed to open stream: No such file or directory in /Users/teejayhidalgo/Local Sites/falconx/app/bedrock/web/app/themes/falconx-theme/functions.php on line 154PHP message: PHP Stack trace:PHP message: PHP   1. {main}() /Users/teejayhidalgo/Local Sites/falconx/app/bedrock/web/wp/wp-admin/admin-ajax.php:0PHP message: PHP   2. require_once() /Users/teejayhidalgo/Local Sites/falconx/app/bedrock/web/wp/wp-admin/admin-ajax.php:22PHP message: PHP   3. require_once() /Users/teejayhidalgo/Local Sites/falconx/app/bedrock/web/wp/wp-load.php:42PHP message: PHP   4. require_once() /Users/teejayhidalgo/Local Sites/falconx/app/bedrock/web/wp-config.php:9PHP message: PHP   5. include() /Users/teejayhidalgo/Local Sites/falconx/app/bedrock/web/wp/wp-settings.php:528PHP message: PHP Fatal error:  require(): Failed opening required '/Users/teejayhidalgo/Local Sites/falconx/app/bedrock/web/app/themes/falconx-theme/inc/template-tags.php' (include_path='.:/usr/share/php:/www/wp-content/pear') in /Users/teejayhidalgo/Local Sites/falconx/app/bedrock/web/app/themes/falconx-theme/functions.php on line 154PHP message: PHP Stack trace:PHP message: PHP   1. {main}() /Users/teejayhidalgo/Local Sites/falconx/app/bedrock/web/wp/wp-admin/admin-ajax.php:0PHP message: PHP   2. require_once() /Users/teejayhidalgo/Local Sites/falconx/app/bedrock/web/wp/wp-admin/admin-ajax.php:22PHP message: PHP   3. require_once() /Users/teejayhidalgo/Local Sites/falconx/app/bedrock/web/wp/wp-load.php:42PHP message: PHP   4. require_once() /Users/teejayhidalgo/Local Sites/falconx/app/bedrock/web/wp-config.php:9PHP message: PHP   5. include() /Users/teejayhidalgo/Local Sites/falconx/app/bedrock/web/wp/wp-settings.php:528" while reading response header from upstream, client: 127.0.0.1, server: , request: "POST /wp/wp-admin/admin-ajax.php HTTP/1.0", upstream: "fast
2021/07/12 16:26:56 [error] 4532#0: *1422 FastCGI sent in stderr: "PHP message: PHP Fatal error:  Uncaught Error: Call to undefined function wp_header() in /Users/teejayhidalgo/Local Sites/falconx/app/bedrock/web/app/themes/falconx-theme/header.php:8
Stack trace:
#0 /Users/teejayhidalgo/Local Sites/falconx/app/bedrock/web/wp/wp-includes/template.php(730): require_once()
#1 /Users/teejayhidalgo/Local Sites/falconx/app/bedrock/web/wp/wp-includes/template.php(676): load_template('/Users/teejayhi...', true, Array)
#2 /Users/teejayhidalgo/Local Sites/falconx/app/bedrock/web/wp/wp-includes/general-template.php(48): locate_template(Array, true, true, Array)
#3 /Users/teejayhidalgo/Local Sites/falconx/app/bedrock/web/app/themes/falconx-theme/front-page.php(1): get_header()
#4 /Users/teejayhidalgo/Local Sites/falconx/app/bedrock/web/wp/wp-includes/template-loader.php(106): include('/Users/teejayhi...')
#5 /Users/teejayhidalgo/Local Sites/falconx/app/bedrock/web/wp/wp-blog-header.php(19): require_once('/Users/teejayhi...')
#6 /Users/teejayhidalgo/Local Sites/falconx/app/be" while reading response header from upstream, client: 127.0.0.1, server: , request: "GET / HTTP/1.0", upstream: "fastcgi://unix:/Users/teejayhidalgo/Library/Application Support/Local/run/3m2dYTpHQ/php/php-fpm.socket:", host: "falconx.local", referrer: "http://falconx.local/wp/wp-admin/themes.php"
2021/07/12 16:27:31 [error] 4532#0: *1429 FastCGI sent in stderr: "PHP message: PHP Fatal error:  Uncaught Error: Call to undefined function wp_header() in /Users/teejayhidalgo/Local Sites/falconx/app/bedrock/web/app/themes/falconx-theme/header.php:8
Stack trace:
#0 /Users/teejayhidalgo/Local Sites/falconx/app/bedrock/web/wp/wp-includes/template.php(730): require_once()
#1 /Users/teejayhidalgo/Local Sites/falconx/app/bedrock/web/wp/wp-includes/template.php(676): load_template('/Users/teejayhi...', true, Array)
#2 /Users/teejayhidalgo/Local Sites/falconx/app/bedrock/web/wp/wp-includes/general-template.php(48): locate_template(Array, true, true, Array)
#3 /Users/teejayhidalgo/Local Sites/falconx/app/bedrock/web/app/themes/falconx-theme/front-page.php(1): get_header()
#4 /Users/teejayhidalgo/Local Sites/falconx/app/bedrock/web/wp/wp-includes/template-loader.php(106): include('/Users/teejayhi...')
#5 /Users/teejayhidalgo/Local Sites/falconx/app/bedrock/web/wp/wp-blog-header.php(19): require_once('/Users/teejayhi...')
#6 /Users/teejayhidalgo/Local Sites/falconx/app/be" while reading response header from upstream, client: 127.0.0.1, server: , request: "GET / HTTP/1.0", upstream: "fastcgi://unix:/Users/teejayhidalgo/Library/Application Support/Local/run/3m2dYTpHQ/php/php-fpm.socket:", host: "falconx.local", referrer: "http://falconx.local/wp/wp-admin/themes.php"
2021/07/12 16:27:32 [error] 4532#0: *1434 FastCGI sent in stderr: "PHP message: PHP Fatal error:  Uncaught Error: Call to undefined function wp_header() in /Users/teejayhidalgo/Local Sites/falconx/app/bedrock/web/app/themes/falconx-theme/header.php:8
Stack trace:
#0 /Users/teejayhidalgo/Local Sites/falconx/app/bedrock/web/wp/wp-includes/template.php(730): require_once()
#1 /Users/teejayhidalgo/Local Sites/falconx/app/bedrock/web/wp/wp-includes/template.php(676): load_template('/Users/teejayhi...', true, Array)
#2 /Users/teejayhidalgo/Local Sites/falconx/app/bedrock/web/wp/wp-includes/general-template.php(48): locate_template(Array, true, true, Array)
#3 /Users/teejayhidalgo/Local Sites/falconx/app/bedrock/web/app/themes/falconx-theme/front-page.php(1): get_header()
#4 /Users/teejayhidalgo/Local Sites/falconx/app/bedrock/web/wp/wp-includes/template-loader.php(106): include('/Users/teejayhi...')
#5 /Users/teejayhidalgo/Local Sites/falconx/app/bedrock/web/wp/wp-blog-header.php(19): require_once('/Users/teejayhi...')
#6 /Users/teejayhidalgo/Local Sites/falconx/app/be" while reading response header from upstream, client: 127.0.0.1, server: , request: "GET / HTTP/1.0", upstream: "fastcgi://unix:/Users/teejayhidalgo/Library/Application Support/Local/run/3m2dYTpHQ/php/php-fpm.socket:", host: "falconx.local", referrer: "http://falconx.local/wp/wp-admin/themes.php"
2021/07/12 16:27:32 [error] 4532#0: *1436 FastCGI sent in stderr: "PHP message: PHP Fatal error:  Uncaught Error: Call to undefined function wp_header() in /Users/teejayhidalgo/Local Sites/falconx/app/bedrock/web/app/themes/falconx-theme/header.php:8
Stack trace:
#0 /Users/teejayhidalgo/Local Sites/falconx/app/bedrock/web/wp/wp-includes/template.php(730): require_once()
#1 /Users/teejayhidalgo/Local Sites/falconx/app/bedrock/web/wp/wp-includes/template.php(676): load_template('/Users/teejayhi...', true, Array)
#2 /Users/teejayhidalgo/Local Sites/falconx/app/bedrock/web/wp/wp-includes/general-template.php(48): locate_template(Array, true, true, Array)
#3 /Users/teejayhidalgo/Local Sites/falconx/app/bedrock/web/app/themes/falconx-theme/front-page.php(1): get_header()
#4 /Users/teejayhidalgo/Local Sites/falconx/app/bedrock/web/wp/wp-includes/template-loader.php(106): include('/Users/teejayhi...')
#5 /Users/teejayhidalgo/Local Sites/falconx/app/bedrock/web/wp/wp-blog-header.php(19): require_once('/Users/teejayhi...')
#6 /Users/teejayhidalgo/Local Sites/falconx/app/be" while reading response header from upstream, client: 127.0.0.1, server: , request: "GET / HTTP/1.0", upstream: "fastcgi://unix:/Users/teejayhidalgo/Library/Application Support/Local/run/3m2dYTpHQ/php/php-fpm.socket:", host: "falconx.local", referrer: "http://falconx.local/wp/wp-admin/themes.php"
2021/07/12 16:29:25 [error] 4532#0: *1452 FastCGI sent in stderr: "PHP message: PHP Fatal error:  Uncaught Error: Call to undefined function wp_header() in /Users/teejayhidalgo/Local Sites/falconx/app/bedrock/web/app/themes/falconx-theme/header.php:8
Stack trace:
#0 /Users/teejayhidalgo/Local Sites/falconx/app/bedrock/web/wp/wp-includes/template.php(730): require_once()
#1 /Users/teejayhidalgo/Local Sites/falconx/app/bedrock/web/wp/wp-includes/template.php(676): load_template('/Users/teejayhi...', true, Array)
#2 /Users/teejayhidalgo/Local Sites/falconx/app/bedrock/web/wp/wp-includes/general-template.php(48): locate_template(Array, true, true, Array)
#3 /Users/teejayhidalgo/Local Sites/falconx/app/bedrock/web/app/themes/falconx-theme/front-page.php(1): get_header()
#4 /Users/teejayhidalgo/Local Sites/falconx/app/bedrock/web/wp/wp-includes/template-loader.php(106): include('/Users/teejayhi...')
#5 /Users/teejayhidalgo/Local Sites/falconx/app/bedrock/web/wp/wp-blog-header.php(19): require_once('/Users/teejayhi...')
#6 /Users/teejayhidalgo/Local Sites/falconx/app/be" while reading response header from upstream, client: 127.0.0.1, server: , request: "GET / HTTP/1.0", upstream: "fastcgi://unix:/Users/teejayhidalgo/Library/Application Support/Local/run/3m2dYTpHQ/php/php-fpm.socket:", host: "falconx.local", referrer: "http://falconx.local/wp/wp-admin/themes.php"
2021/07/12 19:57:11 [error] 4532#0: *2171 FastCGI sent in stderr: "PHP message: PHP Warning:  An unexpected error occurred. Something may be wrong with WordPress.org or this server&#8217;s configuration. If you continue to have problems, please try the <a href="https://wordpress.org/support/forums/">support forums</a>. (WordPress could not establish a secure connection to WordPress.org. Please contact your server administrator.) in /Users/teejayhidalgo/Local Sites/falconx/app/bedrock/web/wp/wp-includes/update.php on line 614PHP message: PHP Stack trace:PHP message: PHP   1. {main}() /Users/teejayhidalgo/Local Sites/falconx/app/bedrock/web/wp/wp-admin/themes.php:0PHP message: PHP   2. require_once() /Users/teejayhidalgo/Local Sites/falconx/app/bedrock/web/wp/wp-admin/themes.php:10PHP message: PHP   3. do_action() /Users/teejayhidalgo/Local Sites/falconx/app/bedrock/web/wp/wp-admin/admin.php:374PHP message: PHP   4. WP_Hook->do_action() /Users/teejayhidalgo/Local Sites/falconx/app/bedrock/web/wp/wp-includes/plugin.php:484PHP message: PHP   5. WP_Hook->apply_filters() /Users/teejayhidalgo/Local Sites/falconx/app/bedrock/web/wp/wp-includes/class-wp-hook.php:316PHP message: PHP   6. wp_update_themes() /Users/teejayhidalgo/Local Sites/falconx/app/bedrock/web/wp/wp-includes/class-wp-hook.php:292PHP message: PHP   7. trigger_error() /Users/teejayhidalgo/Local Sites/falconx/app/bedrock/web/wp/wp-includes/update.php:614" while reading response header from upstream, client: 127.0.0.1, server: , request: "GET /wp/wp-admin/themes.php?broken=true HTTP/1.0", upstream: "fastcgi://unix:/Users/teejayhidalgo/Library/Application Support/Local/run/3m2dYTpHQ/php/php-fpm.socket:", host: "falconx.local", referrer: "http://falconx.local/wp/wp-admin/themes.php"
2021/07/12 20:02:16 [error] 4532#0: *2769 FastCGI sent in stderr: "PHP message: PHP Warning:  An unexpected error occurred. Something may be wrong with WordPress.org or this server&#8217;s configuration. If you continue to have problems, please try the <a href="https://wordpress.org/support/forums/">support forums</a>. (WordPress could not establish a secure connection to WordPress.org. Please contact your server administrator.) in /Users/teejayhidalgo/Local Sites/falconx/app/bedrock/web/wp/wp-includes/update.php on line 614PHP message: PHP Stack trace:PHP message: PHP   1. {main}() /Users/teejayhidalgo/Local Sites/falconx/app/bedrock/web/wp/wp-admin/themes.php:0PHP message: PHP   2. require_once() /Users/teejayhidalgo/Local Sites/falconx/app/bedrock/web/wp/wp-admin/themes.php:10PHP message: PHP   3. do_action() /Users/teejayhidalgo/Local Sites/falconx/app/bedrock/web/wp/wp-admin/admin.php:374PHP message: PHP   4. WP_Hook->do_action() /Users/teejayhidalgo/Local Sites/falconx/app/bedrock/web/wp/wp-includes/plugin.php:484PHP message: PHP   5. WP_Hook->apply_filters() /Users/teejayhidalgo/Local Sites/falconx/app/bedrock/web/wp/wp-includes/class-wp-hook.php:316PHP message: PHP   6. wp_update_themes() /Users/teejayhidalgo/Local Sites/falconx/app/bedrock/web/wp/wp-includes/class-wp-hook.php:292PHP message: PHP   7. trigger_error() /Users/teejayhidalgo/Local Sites/falconx/app/bedrock/web/wp/wp-includes/update.php:614" while reading response header from upstream, client: 127.0.0.1, server: , request: "GET /wp/wp-admin/themes.php HTTP/1.0", upstream: "fastcgi://unix:/Users/teejayhidalgo/Library/Application Support/Local/run/3m2dYTpHQ/php/php-fpm.socket:", host: "falconx.local", referrer: "http://falconx.local/wp/wp-admin/themes.php"
2021/07/12 20:18:42 [error] 4532#0: *3772 FastCGI sent in stderr: "PHP message: PHP Fatal error:  Uncaught Error: Class 'TwentyTwenty_Walker_Page' not found in /Users/teejayhidalgo/Local Sites/falconx/app/bedrock/web/app/themes/falconx-theme/header.php:78
Stack trace:
#0 /Users/teejayhidalgo/Local Sites/falconx/app/bedrock/web/wp/wp-includes/template.php(730): require_once()
#1 /Users/teejayhidalgo/Local Sites/falconx/app/bedrock/web/wp/wp-includes/template.php(676): load_template('/Users/teejayhi...', true, Array)
#2 /Users/teejayhidalgo/Local Sites/falconx/app/bedrock/web/wp/wp-includes/general-template.php(48): locate_template(Array, true, true, Array)
#3 /Users/teejayhidalgo/Local Sites/falconx/app/bedrock/web/app/themes/falconx-theme/front-page.php(1): get_header()
#4 /Users/teejayhidalgo/Local Sites/falconx/app/bedrock/web/wp/wp-includes/template-loader.php(106): include('/Users/teejayhi...')
#5 /Users/teejayhidalgo/Local Sites/falconx/app/bedrock/web/wp/wp-blog-header.php(19): require_once('/Users/teejayhi...')
#6 /Users/teejayhidalgo/Local Sites/falconx/a" while reading upstream, client: 127.0.0.1, server: , request: "GET / HTTP/1.0", upstream: "fastcgi://unix:/Users/teejayhidalgo/Library/Application Support/Local/run/3m2dYTpHQ/php/php-fpm.socket:", host: "falconx.local", referrer: "http://falconx.local/wp/wp-admin/themes.php"
2021/07/12 20:18:43 [error] 4532#0: *3778 FastCGI sent in stderr: "PHP message: PHP Fatal error:  Uncaught Error: Class 'TwentyTwenty_Walker_Page' not found in /Users/teejayhidalgo/Local Sites/falconx/app/bedrock/web/app/themes/falconx-theme/header.php:78
Stack trace:
#0 /Users/teejayhidalgo/Local Sites/falconx/app/bedrock/web/wp/wp-includes/template.php(730): require_once()
#1 /Users/teejayhidalgo/Local Sites/falconx/app/bedrock/web/wp/wp-includes/template.php(676): load_template('/Users/teejayhi...', true, Array)
#2 /Users/teejayhidalgo/Local Sites/falconx/app/bedrock/web/wp/wp-includes/general-template.php(48): locate_template(Array, true, true, Array)
#3 /Users/teejayhidalgo/Local Sites/falconx/app/bedrock/web/app/themes/falconx-theme/front-page.php(1): get_header()
#4 /Users/teejayhidalgo/Local Sites/falconx/app/bedrock/web/wp/wp-includes/template-loader.php(106): include('/Users/teejayhi...')
#5 /Users/teejayhidalgo/Local Sites/falconx/app/bedrock/web/wp/wp-blog-header.php(19): require_once('/Users/teejayhi...')
#6 /Users/teejayhidalgo/Local Sites/falconx/a" while reading upstream, client: 127.0.0.1, server: , request: "GET / HTTP/1.0", upstream: "fastcgi://unix:/Users/teejayhidalgo/Library/Application Support/Local/run/3m2dYTpHQ/php/php-fpm.socket:", host: "falconx.local", referrer: "http://falconx.local/wp/wp-admin/themes.php"
2021/07/12 20:18:44 [error] 4532#0: *3784 FastCGI sent in stderr: "PHP message: PHP Fatal error:  Uncaught Error: Class 'TwentyTwenty_Walker_Page' not found in /Users/teejayhidalgo/Local Sites/falconx/app/bedrock/web/app/themes/falconx-theme/header.php:78
Stack trace:
#0 /Us" while reading upstream, client: 127.0.0.1, server: , request: "GET /images/logo.png HTTP/1.0", upstream: "fastcgi://unix:/Users/teejayhidalgo/Library/Application Support/Local/run/3m2dYTpHQ/php/php-fpm.socket:", host: "falconx.local", referrer: "http://falconx.local/"
2021/07/12 20:18:44 [error] 4532#0: *3784 FastCGI sent in stderr: "ers/teejayhidalgo/Local Sites/falconx/app/bedrock/web/wp/wp-includes/template.php(730): require_once()
#1 /Users/teejayhidalgo/Local Sites/falconx/app/bedrock/web/wp/wp-includes/template.php(676): load_template('/Users/teejayhi...', true, Array)
#2 /Users/teejayhidalgo/Local Sites/falconx/app/bedrock/web/wp/wp-includes/general-template.php(48): locate_template(Array, true, true, Array)
#3 /Users/teejayhidalgo/Local Sites/falconx/app/bedrock/web/app/themes/falconx-theme/index.php(17): get_header()
#4 /Users/teejayhidalgo/Local Sites/falconx/app/bedrock/web/wp/wp-includes/template-loader.php(106): include('/Users/teejayhi...')
#5 /Users/teejayhidalgo/Local Sites/falconx/app/bedrock/web/wp/wp-blog-header.php(19): require_once('/Users/teejayhi...')
#6 /Users/teejayhidalgo/Local Sites/falconx/app/b" while reading upstream, client: 127.0.0.1, server: , request: "GET /images/logo.png HTTP/1.0", upstream: "fastcgi://unix:/Users/teejayhidalgo/Library/Application Support/Local/run/3m2dYTpHQ/php/php-fpm.socket:", host: "falconx.local", referrer: "http://falconx.local/"
2021/07/12 20:19:16 [error] 4532#0: *3791 FastCGI sent in stderr: "PHP message: PHP Notice:  Undefined variable: enable_header_search in /Users/teejayhidalgo/Local Sites/falconx/app/bedrock/web/app/themes/falconx-theme/header.php on line 91PHP message: PHP Stack trace:PHP message: PHP   1. {main}() /Users/teejayhidalgo/Local Sites/falconx/app/bedrock/web/index.php:0PHP message: PHP   2. require() /Users/teejayhidalgo/Local Sites/falconx/app/bedrock/web/index.php:6PHP message: PHP   3. require_once() /Users/teejayhidalgo/Local Sites/falconx/app/bedrock/web/wp/wp-blog-header.php:19PHP message: PHP   4. include() /Users/teejayhidalgo/Local Sites/falconx/app/bedrock/web/wp/wp-includes/template-loader.php:106PHP message: PHP   5. get_header() /Users/teejayhidalgo/Local Sites/falconx/app/bedrock/web/app/themes/falconx-theme/front-page.php:1PHP message: PHP   6. locate_template() /Users/teejayhidalgo/Local Sites/falconx/app/bedrock/web/wp/wp-includes/general-template.php:48PHP message: PHP   7. load_template() /Users/teejayhidalgo/Local Sites/falconx/app/bedrock/web/wp/wp-includes/template.php:676PHP message: PHP   8. require_once() /Users/teejayhidalgo/Local Sites/falconx/app/bedrock/web/wp/wp-includes/template.php:730" while reading upstream, client: 127.0.0.1, server: , request: "GET / HTTP/1.0", upstream: "fastcgi://unix:/Users/teejayhidalgo/Library/Application Support/Local/run/3m2dYTpHQ/php/php-fpm.socket:", host: "falconx.local", referrer: "http://falconx.local/wp/wp-admin/themes.php"
2021/07/12 20:19:16 [error] 4532#0: *3800 FastCGI sent in stderr: "PHP message: PHP Notice:  Undefined variable: enable_header_search in /Users/teejayhidalgo/Local Sites/falconx/app/bedrock/web/app/themes/falconx-theme/header.php on line 91PHP message: PHP Stack trace:PHP me" while reading upstream, client: 127.0.0.1, server: , request: "GET /images/logo.png HTTP/1.0", upstream: "fastcgi://unix:/Users/teejayhidalgo/Library/Application Support/Local/run/3m2dYTpHQ/php/php-fpm.socket:", host: "falconx.local", referrer: "http://falconx.local/"
2021/07/12 20:19:16 [error] 4532#0: *3800 FastCGI sent in stderr: "ssage: PHP   1. {main}() /Users/teejayhidalgo/Local Sites/falconx/app/bedrock/web/index.php:0PHP message: PHP   2. require() /Users/teejayhidalgo/Local Sites/falconx/app/bedrock/web/index.php:6PHP message: PHP   3. require_once() /Users/teejayhidalgo/Local Sites/falconx/app/bedrock/web/wp/wp-blog-header.php:19PHP message: PHP   4. include() /Users/teejayhidalgo/Local Sites/falconx/app/bedrock/web/wp/wp-includes/template-loader.php:106PHP message: PHP   5. get_header() /Users/teejayhidalgo/Local Sites/falconx/app/bedrock/web/app/themes/falconx-theme/index.php:17PHP message: PHP   6. locate_template() /Users/teejayhidalgo/Local Sites/falconx/app/bedrock/web/wp/wp-includes/general-template.php:48PHP message: PHP   7. load_template() /Users/teejayhidalgo/Local Sites/falconx/app/bedrock/web/wp/wp-includes/template.php:676PHP message: PHP   8. require_once() /Users/teejayhidalgo/Local Sites/falconx/app/bedrock/web/wp/wp-includes/template.php:730" while reading upstream, client: 127.0.0.1, server: , request: "GET /images/logo.png HTTP/1.0", upstream: "fastcgi://unix:/Users/teejayhidalgo/Library/Application Support/Local/run/3m2dYTpHQ/php/php-fpm.socket:", host: "falconx.local", referrer: "http://falconx.local/"
2021/07/12 20:19:16 [error] 4532#0: *3801 FastCGI sent in stderr: "PHP message: PHP Notice:  Undefined variable: enable_header_search in /Users/teejayhidalgo/Local Sites/falconx/app/bedrock/web/app/themes/falconx-theme/header.php on line 91PHP message: PHP Stack trace:PHP me" while reading upstream, client: 127.0.0.1, server: , request: "GET /images/thumb-1.png HTTP/1.0", upstream: "fastcgi://unix:/Users/teejayhidalgo/Library/Application Support/Local/run/3m2dYTpHQ/php/php-fpm.socket:", host: "falconx.local", referrer: "http://falconx.local/"
2021/07/12 20:19:16 [error] 4532#0: *3801 FastCGI sent in stderr: "ssage: PHP   1. {main}() /Users/teejayhidalgo/Local Sites/falconx/app/bedrock/web/index.php:0PHP message: PHP   2. require() /Users/teejayhidalgo/Local Sites/falconx/app/bedrock/web/index.php:6PHP message: PHP   3. require_once() /Users/teejayhidalgo/Local Sites/falconx/app/bedrock/web/wp/wp-blog-header.php:19PHP message: PHP   4. include() /Users/teejayhidalgo/Local Sites/falconx/app/bedrock/web/wp/wp-includes/template-loader.php:106PHP message: PHP   5. get_header() /Users/teejayhidalgo/Local Sites/falconx/app/bedrock/web/app/themes/falconx-theme/index.php:17PHP message: PHP   6. locate_template() /Users/teejayhidalgo/Local Sites/falconx/app/bedrock/web/wp/wp-includes/general-template.php:48PHP message: PHP   7. load_template() /Users/teejayhidalgo/Local Sites/falconx/app/bedrock/web/wp/wp-includes/template.php:676PHP message: PHP   8. require_once() /Users/teejayhidalgo/Local Sites/falconx/app/bedrock/web/wp/wp-includes/template.php:730" while reading upstream, client: 127.0.0.1, server: , request: "GET /images/thumb-1.png HTTP/1.0", upstream: "fastcgi://unix:/Users/teejayhidalgo/Library/Application Support/Local/run/3m2dYTpHQ/php/php-fpm.socket:", host: "falconx.local", referrer: "http://falconx.local/"
2021/07/12 20:19:16 [error] 4532#0: *3803 FastCGI sent in stderr: "PHP message: PHP Notice:  Undefined variable: enable_header_search in /Users/teejayhidalgo/Local Sites/falconx/app/bedrock/web/app/themes/falconx-theme/header.php on line 91PHP message: PHP Stack trace:PHP me" while reading upstream, client: 127.0.0.1, server: , request: "GET /images/thumb-2.png HTTP/1.0", upstream: "fastcgi://unix:/Users/teejayhidalgo/Library/Application Support/Local/run/3m2dYTpHQ/php/php-fpm.socket:", host: "falconx.local", referrer: "http://falconx.local/"
2021/07/12 20:19:16 [error] 4532#0: *3803 FastCGI sent in stderr: "ssage: PHP   1. {main}() /Users/teejayhidalgo/Local Sites/falconx/app/bedrock/web/index.php:0PHP message: PHP   2. require() /Users/teejayhidalgo/Local Sites/falconx/app/bedrock/web/index.php:6PHP message: PHP   3. require_once() /Users/teejayhidalgo/Local Sites/falconx/app/bedrock/web/wp/wp-blog-header.php:19PHP message: PHP   4. include() /Users/teejayhidalgo/Local Sites/falconx/app/bedrock/web/wp/wp-includes/template-loader.php:106PHP message: PHP   5. get_header() /Users/teejayhidalgo/Local Sites/falconx/app/bedrock/web/app/themes/falconx-theme/index.php:17PHP message: PHP   6. locate_template() /Users/teejayhidalgo/Local Sites/falconx/app/bedrock/web/wp/wp-includes/general-template.php:48PHP message: PHP   7. load_template() /Users/teejayhidalgo/Local Sites/falconx/app/bedrock/web/wp/wp-includes/template.php:676PHP message: PHP   8. require_once() /Users/teejayhidalgo/Local Sites/falconx/app/bedrock/web/wp/wp-includes/template.php:730" while reading upstream, client: 127.0.0.1, server: , request: "GET /images/thumb-2.png HTTP/1.0", upstream: "fastcgi://unix:/Users/teejayhidalgo/Library/Application Support/Local/run/3m2dYTpHQ/php/php-fpm.socket:", host: "falconx.local", referrer: "http://falconx.local/"
2021/07/12 20:19:16 [error] 4532#0: *3804 FastCGI sent in stderr: "PHP message: PHP Notice:  Undefined variable: enable_header_search in /Users/teejayhidalgo/Local Sites/falconx/app/bedrock/web/app/themes/falconx-theme/header.php on line 91PHP message: PHP Stack trace:PHP me" while reading upstream, client: 127.0.0.1, server: , request: "GET /images/thumb-3.png HTTP/1.0", upstream: "fastcgi://unix:/Users/teejayhidalgo/Library/Application Support/Local/run/3m2dYTpHQ/php/php-fpm.socket:", host: "falconx.local", referrer: "http://falconx.local/"
2021/07/12 20:19:16 [error] 4532#0: *3804 FastCGI sent in stderr: "ssage: PHP   1. {main}() /Users/teejayhidalgo/Local Sites/falconx/app/bedrock/web/index.php:0PHP message: PHP   2. require() /Users/teejayhidalgo/Local Sites/falconx/app/bedrock/web/index.php:6PHP message: PHP   3. require_once() /Users/teejayhidalgo/Local Sites/falconx/app/bedrock/web/wp/wp-blog-header.php:19PHP message: PHP   4. include() /Users/teejayhidalgo/Local Sites/falconx/app/bedrock/web/wp/wp-includes/template-loader.php:106PHP message: PHP   5. get_header() /Users/teejayhidalgo/Local Sites/falconx/app/bedrock/web/app/themes/falconx-theme/index.php:17PHP message: PHP   6. locate_template() /Users/teejayhidalgo/Local Sites/falconx/app/bedrock/web/wp/wp-includes/general-template.php:48PHP message: PHP   7. load_template() /Users/teejayhidalgo/Local Sites/falconx/app/bedrock/web/wp/wp-includes/template.php:676PHP message: PHP   8. require_once() /Users/teejayhidalgo/Local Sites/falconx/app/bedrock/web/wp/wp-includes/template.php:730" while reading upstream, client: 127.0.0.1, server: , request: "GET /images/thumb-3.png HTTP/1.0", upstream: "fastcgi://unix:/Users/teejayhidalgo/Library/Application Support/Local/run/3m2dYTpHQ/php/php-fpm.socket:", host: "falconx.local", referrer: "http://falconx.local/"
2021/07/12 20:19:16 [error] 4532#0: *3808 FastCGI sent in stderr: "PHP message: PHP Notice:  Undefined variable: enable_header_search in /Users/teejayhidalgo/Local Sites/falconx/app/bedrock/web/app/themes/falconx-theme/header.php on line 91PHP message: PHP Stack trace:PHP me" while reading upstream, client: 127.0.0.1, server: , request: "GET /images/thumb-4.png HTTP/1.0", upstream: "fastcgi://unix:/Users/teejayhidalgo/Library/Application Support/Local/run/3m2dYTpHQ/php/php-fpm.socket:", host: "falconx.local", referrer: "http://falconx.local/"
2021/07/12 20:19:16 [error] 4532#0: *3808 FastCGI sent in stderr: "ssage: PHP   1. {main}() /Users/teejayhidalgo/Local Sites/falconx/app/bedrock/web/index.php:0PHP message: PHP   2. require() /Users/teejayhidalgo/Local Sites/falconx/app/bedrock/web/index.php:6PHP message: PHP   3. require_once() /Users/teejayhidalgo/Local Sites/falconx/app/bedrock/web/wp/wp-blog-header.php:19PHP message: PHP   4. include() /Users/teejayhidalgo/Local Sites/falconx/app/bedrock/web/wp/wp-includes/template-loader.php:106PHP message: PHP   5. get_header() /Users/teejayhidalgo/Local Sites/falconx/app/bedrock/web/app/themes/falconx-theme/index.php:17PHP message: PHP   6. locate_template() /Users/teejayhidalgo/Local Sites/falconx/app/bedrock/web/wp/wp-includes/general-template.php:48PHP message: PHP   7. load_template() /Users/teejayhidalgo/Local Sites/falconx/app/bedrock/web/wp/wp-includes/template.php:676PHP message: PHP   8. require_once() /Users/teejayhidalgo/Local Sites/falconx/app/bedrock/web/wp/wp-includes/template.php:730" while reading upstream, client: 127.0.0.1, server: , request: "GET /images/thumb-4.png HTTP/1.0", upstream: "fastcgi://unix:/Users/teejayhidalgo/Library/Application Support/Local/run/3m2dYTpHQ/php/php-fpm.socket:", host: "falconx.local", referrer: "http://falconx.local/"
2021/07/12 20:19:16 [error] 4532#0: *3810 FastCGI sent in stderr: "PHP message: PHP Notice:  Undefined variable: enable_header_search in /Users/teejayhidalgo/Local Sites/falconx/app/bedrock/web/app/themes/falconx-theme/header.php on line 91PHP message: PHP Stack trace:PHP me" while reading upstream, client: 127.0.0.1, server: , request: "GET /images/icon-1.png HTTP/1.0", upstream: "fastcgi://unix:/Users/teejayhidalgo/Library/Application Support/Local/run/3m2dYTpHQ/php/php-fpm.socket:", host: "falconx.local", referrer: "http://falconx.local/"
2021/07/12 20:19:16 [error] 4532#0: *3810 FastCGI sent in stderr: "ssage: PHP   1. {main}() /Users/teejayhidalgo/Local Sites/falconx/app/bedrock/web/index.php:0PHP message: PHP   2. require() /Users/teejayhidalgo/Local Sites/falconx/app/bedrock/web/index.php:6PHP message: PHP   3. require_once() /Users/teejayhidalgo/Local Sites/falconx/app/bedrock/web/wp/wp-blog-header.php:19PHP message: PHP   4. include() /Users/teejayhidalgo/Local Sites/falconx/app/bedrock/web/wp/wp-includes/template-loader.php:106PHP message: PHP   5. get_header() /Users/teejayhidalgo/Local Sites/falconx/app/bedrock/web/app/themes/falconx-theme/index.php:17PHP message: PHP   6. locate_template() /Users/teejayhidalgo/Local Sites/falconx/app/bedrock/web/wp/wp-includes/general-template.php:48PHP message: PHP   7. load_template() /Users/teejayhidalgo/Local Sites/falconx/app/bedrock/web/wp/wp-includes/template.php:676PHP message: PHP   8. require_once() /Users/teejayhidalgo/Local Sites/falconx/app/bedrock/web/wp/wp-includes/template.php:730" while reading upstream, client: 127.0.0.1, server: , request: "GET /images/icon-1.png HTTP/1.0", upstream: "fastcgi://unix:/Users/teejayhidalgo/Library/Application Support/Local/run/3m2dYTpHQ/php/php-fpm.socket:", host: "falconx.local", referrer: "http://falconx.local/"
2021/07/12 20:19:17 [error] 4532#0: *3812 FastCGI sent in stderr: "PHP message: PHP Notice:  Undefined variable: enable_header_search in /Users/teejayhidalgo/Local Sites/falconx/app/bedrock/web/app/themes/falconx-theme/header.php on line 91PHP message: PHP Stack trace:PHP me" while reading upstream, client: 127.0.0.1, server: , request: "GET /images/hero.png HTTP/1.0", upstream: "fastcgi://unix:/Users/teejayhidalgo/Library/Application Support/Local/run/3m2dYTpHQ/php/php-fpm.socket:", host: "falconx.local", referrer: "http://falconx.local/app/themes/falconx-theme/css/style.css?ver=5.7.2"
2021/07/12 20:19:17 [error] 4532#0: *3812 FastCGI sent in stderr: "ssage: PHP   1. {main}() /Users/teejayhidalgo/Local Sites/falconx/app/bedrock/web/index.php:0PHP message: PHP   2. require() /Users/teejayhidalgo/Local Sites/falconx/app/bedrock/web/index.php:6PHP message: PHP   3. require_once() /Users/teejayhidalgo/Local Sites/falconx/app/bedrock/web/wp/wp-blog-header.php:19PHP message: PHP   4. include() /Users/teejayhidalgo/Local Sites/falconx/app/bedrock/web/wp/wp-includes/template-loader.php:106PHP message: PHP   5. get_header() /Users/teejayhidalgo/Local Sites/falconx/app/bedrock/web/app/themes/falconx-theme/index.php:17PHP message: PHP   6. locate_template() /Users/teejayhidalgo/Local Sites/falconx/app/bedrock/web/wp/wp-includes/general-template.php:48PHP message: PHP   7. load_template() /Users/teejayhidalgo/Local Sites/falconx/app/bedrock/web/wp/wp-includes/template.php:676PHP message: PHP   8. require_once() /Users/teejayhidalgo/Local Sites/falconx/app/bedrock/web/wp/wp-includes/template.php:730" while reading upstream, client: 127.0.0.1, server: , request: "GET /images/hero.png HTTP/1.0", upstream: "fastcgi://unix:/Users/teejayhidalgo/Library/Application Support/Local/run/3m2dYTpHQ/php/php-fpm.socket:", host: "falconx.local", referrer: "http://falconx.local/app/themes/falconx-theme/css/style.css?ver=5.7.2"
2021/07/12 20:19:17 [error] 4532#0: *3814 FastCGI sent in stderr: "PHP message: PHP Notice:  Undefined variable: enable_header_search in /Users/teejayhidalgo/Local Sites/falconx/app/bedrock/web/app/themes/falconx-theme/header.php on line 91PHP message: PHP Stack trace:PHP me" while reading upstream, client: 127.0.0.1, server: , request: "GET /images/icon-2.png HTTP/1.0", upstream: "fastcgi://unix:/Users/teejayhidalgo/Library/Application Support/Local/run/3m2dYTpHQ/php/php-fpm.socket:", host: "falconx.local", referrer: "http://falconx.local/"
2021/07/12 20:19:17 [error] 4532#0: *3814 FastCGI sent in stderr: "ssage: PHP   1. {main}() /Users/teejayhidalgo/Local Sites/falconx/app/bedrock/web/index.php:0PHP message: PHP   2. require() /Users/teejayhidalgo/Local Sites/falconx/app/bedrock/web/index.php:6PHP message: PHP   3. require_once() /Users/teejayhidalgo/Local Sites/falconx/app/bedrock/web/wp/wp-blog-header.php:19PHP message: PHP   4. include() /Users/teejayhidalgo/Local Sites/falconx/app/bedrock/web/wp/wp-includes/template-loader.php:106PHP message: PHP   5. get_header() /Users/teejayhidalgo/Local Sites/falconx/app/bedrock/web/app/themes/falconx-theme/index.php:17PHP message: PHP   6. locate_template() /Users/teejayhidalgo/Local Sites/falconx/app/bedrock/web/wp/wp-includes/general-template.php:48PHP message: PHP   7. load_template() /Users/teejayhidalgo/Local Sites/falconx/app/bedrock/web/wp/wp-includes/template.php:676PHP message: PHP   8. require_once() /Users/teejayhidalgo/Local Sites/falconx/app/bedrock/web/wp/wp-includes/template.php:730" while reading upstream, client: 127.0.0.1, server: , request: "GET /images/icon-2.png HTTP/1.0", upstream: "fastcgi://unix:/Users/teejayhidalgo/Library/Application Support/Local/run/3m2dYTpHQ/php/php-fpm.socket:", host: "falconx.local", referrer: "http://falconx.local/"
2021/07/12 20:19:17 [error] 4532#0: *3816 FastCGI sent in stderr: "PHP message: PHP Notice:  Undefined variable: enable_header_search in /Users/teejayhidalgo/Local Sites/falconx/app/bedrock/web/app/themes/falconx-theme/header.php on line 91PHP message: PHP Stack trace:PHP me" while reading upstream, client: 127.0.0.1, server: , request: "GET /images/icon-3.png HTTP/1.0", upstream: "fastcgi://unix:/Users/teejayhidalgo/Library/Application Support/Local/run/3m2dYTpHQ/php/php-fpm.socket:", host: "falconx.local", referrer: "http://falconx.local/"
2021/07/12 20:19:17 [error] 4532#0: *3816 FastCGI sent in stderr: "ssage: PHP   1. {main}() /Users/teejayhidalgo/Local Sites/falconx/app/bedrock/web/index.php:0PHP message: PHP   2. require() /Users/teejayhidalgo/Local Sites/falconx/app/bedrock/web/index.php:6PHP message: PHP   3. require_once() /Users/teejayhidalgo/Local Sites/falconx/app/bedrock/web/wp/wp-blog-header.php:19PHP message: PHP   4. include() /Users/teejayhidalgo/Local Sites/falconx/app/bedrock/web/wp/wp-includes/template-loader.php:106PHP message: PHP   5. get_header() /Users/teejayhidalgo/Local Sites/falconx/app/bedrock/web/app/themes/falconx-theme/index.php:17PHP message: PHP   6. locate_template() /Users/teejayhidalgo/Local Sites/falconx/app/bedrock/web/wp/wp-includes/general-template.php:48PHP message: PHP   7. load_template() /Users/teejayhidalgo/Local Sites/falconx/app/bedrock/web/wp/wp-includes/template.php:676PHP message: PHP   8. require_once() /Users/teejayhidalgo/Local Sites/falconx/app/bedrock/web/wp/wp-includes/template.php:730" while reading upstream, client: 127.0.0.1, server: , request: "GET /images/icon-3.png HTTP/1.0", upstream: "fastcgi://unix:/Users/teejayhidalgo/Library/Application Support/Local/run/3m2dYTpHQ/php/php-fpm.socket:", host: "falconx.local", referrer: "http://falconx.local/"
2021/07/12 20:19:17 [error] 4532#0: *3818 FastCGI sent in stderr: "PHP message: PHP Notice:  Undefined variable: enable_header_search in /Users/teejayhidalgo/Local Sites/falconx/app/bedrock/web/app/themes/falconx-theme/header.php on line 91PHP message: PHP Stack trace:PHP me" while reading upstream, client: 127.0.0.1, server: , request: "GET /images/icon-4.png HTTP/1.0", upstream: "fastcgi://unix:/Users/teejayhidalgo/Library/Application Support/Local/run/3m2dYTpHQ/php/php-fpm.socket:", host: "falconx.local", referrer: "http://falconx.local/"
2021/07/12 20:19:17 [error] 4532#0: *3818 FastCGI sent in stderr: "ssage: PHP   1. {main}() /Users/teejayhidalgo/Local Sites/falconx/app/bedrock/web/index.php:0PHP message: PHP   2. require() /Users/teejayhidalgo/Local Sites/falconx/app/bedrock/web/index.php:6PHP message: PHP   3. require_once() /Users/teejayhidalgo/Local Sites/falconx/app/bedrock/web/wp/wp-blog-header.php:19PHP message: PHP   4. include() /Users/teejayhidalgo/Local Sites/falconx/app/bedrock/web/wp/wp-includes/template-loader.php:106PHP message: PHP   5. get_header() /Users/teejayhidalgo/Local Sites/falconx/app/bedrock/web/app/themes/falconx-theme/index.php:17PHP message: PHP   6. locate_template() /Users/teejayhidalgo/Local Sites/falconx/app/bedrock/web/wp/wp-includes/general-template.php:48PHP message: PHP   7. load_template() /Users/teejayhidalgo/Local Sites/falconx/app/bedrock/web/wp/wp-includes/template.php:676PHP message: PHP   8. require_once() /Users/teejayhidalgo/Local Sites/falconx/app/bedrock/web/wp/wp-includes/template.php:730" while reading upstream, client: 127.0.0.1, server: , request: "GET /images/icon-4.png HTTP/1.0", upstream: "fastcgi://unix:/Users/teejayhidalgo/Library/Application Support/Local/run/3m2dYTpHQ/php/php-fpm.socket:", host: "falconx.local", referrer: "http://falconx.local/"
2021/07/12 20:19:17 [error] 4532#0: *3821 FastCGI sent in stderr: "PHP message: PHP Notice:  Undefined variable: enable_header_search in /Users/teejayhidalgo/Local Sites/falconx/app/bedrock/web/app/themes/falconx-theme/header.php on line 91PHP message: PHP Stack trac" while reading upstream, client: 127.0.0.1, server: , request: "GET /images/articles-image.jpg HTTP/1.0", upstream: "fastcgi://unix:/Users/teejayhidalgo/Library/Application Support/Local/run/3m2dYTpHQ/php/php-fpm.socket:", host: "falconx.local", referrer: "http://falconx.local/app/themes/falconx-theme/css/style.css?ver=5.7.2"
2021/07/12 20:19:17 [error] 4532#0: *3821 FastCGI sent in stderr: "e:PHP message: PHP   1. {main}() /Users/teejayhidalgo/Local Sites/falconx/app/bedrock/web/index.php:0PHP message: PHP   2. require() /Users/teejayhidalgo/Local Sites/falconx/app/bedrock/web/index.php:6PHP message: PHP   3. require_once() /Users/teejayhidalgo/Local Sites/falconx/app/bedrock/web/wp/wp-blog-header.php:19PHP message: PHP   4. include() /Users/teejayhidalgo/Local Sites/falconx/app/bedrock/web/wp/wp-includes/template-loader.php:106PHP message: PHP   5. get_header() /Users/teejayhidalgo/Local Sites/falconx/app/bedrock/web/app/themes/falconx-theme/index.php:17PHP message: PHP   6. locate_template() /Users/teejayhidalgo/Local Sites/falconx/app/bedrock/web/wp/wp-includes/general-template.php:48PHP message: PHP   7. load_template() /Users/teejayhidalgo/Local Sites/falconx/app/bedrock/web/wp/wp-includes/template.php:676PHP message: PHP   8. require_once() /Users/teejayhidalgo/Local Sites/falconx/app/bedrock/web/wp/wp-includes/template.php:730" while reading upstream, client: 127.0.0.1, server: , request: "GET /images/articles-image.jpg HTTP/1.0", upstream: "fastcgi://unix:/Users/teejayhidalgo/Library/Application Support/Local/run/3m2dYTpHQ/php/php-fpm.socket:", host: "falconx.local", referrer: "http://falconx.local/app/themes/falconx-theme/css/style.css?ver=5.7.2"
2021/07/12 20:19:18 [error] 4532#0: *3827 FastCGI sent in stderr: "PHP message: PHP Notice:  Undefined variable: enable_header_search in /Users/teejayhidalgo/Local Sites/falconx/app/bedrock/web/app/themes/falconx-theme/header.php on line 91PHP message: PHP Stack trace:PHP message: PHP   1. {main}() /Users/teejayhidalgo/Local Sites/falconx/app/bedrock/web/index.php:0PHP message: PHP   2. require() /Users/teejayhidalgo/Local Sites/falconx/app/bedrock/web/index.php:6PHP message: PHP   3. require_once() /Users/teejayhidalgo/Local Sites/falconx/app/bedrock/web/wp/wp-blog-header.php:19PHP message: PHP   4. include() /Users/teejayhidalgo/Local Sites/falconx/app/bedrock/web/wp/wp-includes/template-loader.php:106PHP message: PHP   5. get_header() /Users/teejayhidalgo/Local Sites/falconx/app/bedrock/web/app/themes/falconx-theme/front-page.php:1PHP message: PHP   6. locate_template() /Users/teejayhidalgo/Local Sites/falconx/app/bedrock/web/wp/wp-includes/general-template.php:48PHP message: PHP   7. load_template() /Users/teejayhidalgo/Local Sites/falconx/app/bedrock/web/wp/wp-includes/template.php:676PHP message: PHP   8. require_once() /Users/teejayhidalgo/Local Sites/falconx/app/bedrock/web/wp/wp-includes/template.php:730" while reading upstream, client: 127.0.0.1, server: , request: "GET / HTTP/1.0", upstream: "fastcgi://unix:/Users/teejayhidalgo/Library/Application Support/Local/run/3m2dYTpHQ/php/php-fpm.socket:", host: "falconx.local", referrer: "http://falconx.local/wp/wp-admin/themes.php"
2021/07/12 20:19:18 [error] 4532#0: *3836 FastCGI sent in stderr: "PHP message: PHP Notice:  Undefined variable: enable_header_search in /Users/teejayhidalgo/Local Sites/falconx/app/bedrock/web/app/themes/falconx-theme/header.php on line 91PHP message: PHP Stack trace:PHP me" while reading upstream, client: 127.0.0.1, server: , request: "GET /images/logo.png HTTP/1.0", upstream: "fastcgi://unix:/Users/teejayhidalgo/Library/Application Support/Local/run/3m2dYTpHQ/php/php-fpm.socket:", host: "falconx.local", referrer: "http://falconx.local/"
2021/07/12 20:19:18 [error] 4532#0: *3836 FastCGI sent in stderr: "ssage: PHP   1. {main}() /Users/teejayhidalgo/Local Sites/falconx/app/bedrock/web/index.php:0PHP message: PHP   2. require() /Users/teejayhidalgo/Local Sites/falconx/app/bedrock/web/index.php:6PHP message: PHP   3. require_once() /Users/teejayhidalgo/Local Sites/falconx/app/bedrock/web/wp/wp-blog-header.php:19PHP message: PHP   4. include() /Users/teejayhidalgo/Local Sites/falconx/app/bedrock/web/wp/wp-includes/template-loader.php:106PHP message: PHP   5. get_header() /Users/teejayhidalgo/Local Sites/falconx/app/bedrock/web/app/themes/falconx-theme/index.php:17PHP message: PHP   6. locate_template() /Users/teejayhidalgo/Local Sites/falconx/app/bedrock/web/wp/wp-includes/general-template.php:48PHP message: PHP   7. load_template() /Users/teejayhidalgo/Local Sites/falconx/app/bedrock/web/wp/wp-includes/template.php:676PHP message: PHP   8. require_once() /Users/teejayhidalgo/Local Sites/falconx/app/bedrock/web/wp/wp-includes/template.php:730" while reading upstream, client: 127.0.0.1, server: , request: "GET /images/logo.png HTTP/1.0", upstream: "fastcgi://unix:/Users/teejayhidalgo/Library/Application Support/Local/run/3m2dYTpHQ/php/php-fpm.socket:", host: "falconx.local", referrer: "http://falconx.local/"
2021/07/12 20:19:18 [error] 4532#0: *3837 FastCGI sent in stderr: "PHP message: PHP Notice:  Undefined variable: enable_header_search in /Users/teejayhidalgo/Local Sites/falconx/app/bedrock/web/app/themes/falconx-theme/header.php on line 91PHP message: PHP Stack trace:PHP me" while reading upstream, client: 127.0.0.1, server: , request: "GET /images/thumb-1.png HTTP/1.0", upstream: "fastcgi://unix:/Users/teejayhidalgo/Library/Application Support/Local/run/3m2dYTpHQ/php/php-fpm.socket:", host: "falconx.local", referrer: "http://falconx.local/"
2021/07/12 20:19:18 [error] 4532#0: *3837 FastCGI sent in stderr: "ssage: PHP   1. {main}() /Users/teejayhidalgo/Local Sites/falconx/app/bedrock/web/index.php:0PHP message: PHP   2. require() /Users/teejayhidalgo/Local Sites/falconx/app/bedrock/web/index.php:6PHP message: PHP   3. require_once() /Users/teejayhidalgo/Local Sites/falconx/app/bedrock/web/wp/wp-blog-header.php:19PHP message: PHP   4. include() /Users/teejayhidalgo/Local Sites/falconx/app/bedrock/web/wp/wp-includes/template-loader.php:106PHP message: PHP   5. get_header() /Users/teejayhidalgo/Local Sites/falconx/app/bedrock/web/app/themes/falconx-theme/index.php:17PHP message: PHP   6. locate_template() /Users/teejayhidalgo/Local Sites/falconx/app/bedrock/web/wp/wp-includes/general-template.php:48PHP message: PHP   7. load_template() /Users/teejayhidalgo/Local Sites/falconx/app/bedrock/web/wp/wp-includes/template.php:676PHP message: PHP   8. require_once() /Users/teejayhidalgo/Local Sites/falconx/app/bedrock/web/wp/wp-includes/template.php:730" while reading upstream, client: 127.0.0.1, server: , request: "GET /images/thumb-1.png HTTP/1.0", upstream: "fastcgi://unix:/Users/teejayhidalgo/Library/Application Support/Local/run/3m2dYTpHQ/php/php-fpm.socket:", host: "falconx.local", referrer: "http://falconx.local/"
2021/07/12 20:19:19 [error] 4532#0: *3838 FastCGI sent in stderr: "PHP message: PHP Notice:  Undefined variable: enable_header_search in /Users/teejayhidalgo/Local Sites/falconx/app/bedrock/web/app/themes/falconx-theme/header.php on line 91PHP message: PHP Stack trace:PHP me" while reading upstream, client: 127.0.0.1, server: , request: "GET /images/thumb-2.png HTTP/1.0", upstream: "fastcgi://unix:/Users/teejayhidalgo/Library/Application Support/Local/run/3m2dYTpHQ/php/php-fpm.socket:", host: "falconx.local", referrer: "http://falconx.local/"
2021/07/12 20:19:19 [error] 4532#0: *3838 FastCGI sent in stderr: "ssage: PHP   1. {main}() /Users/teejayhidalgo/Local Sites/falconx/app/bedrock/web/index.php:0PHP message: PHP   2. require() /Users/teejayhidalgo/Local Sites/falconx/app/bedrock/web/index.php:6PHP message: PHP   3. require_once() /Users/teejayhidalgo/Local Sites/falconx/app/bedrock/web/wp/wp-blog-header.php:19PHP message: PHP   4. include() /Users/teejayhidalgo/Local Sites/falconx/app/bedrock/web/wp/wp-includes/template-loader.php:106PHP message: PHP   5. get_header() /Users/teejayhidalgo/Local Sites/falconx/app/bedrock/web/app/themes/falconx-theme/index.php:17PHP message: PHP   6. locate_template() /Users/teejayhidalgo/Local Sites/falconx/app/bedrock/web/wp/wp-includes/general-template.php:48PHP message: PHP   7. load_template() /Users/teejayhidalgo/Local Sites/falconx/app/bedrock/web/wp/wp-includes/template.php:676PHP message: PHP   8. require_once() /Users/teejayhidalgo/Local Sites/falconx/app/bedrock/web/wp/wp-includes/template.php:730" while reading upstream, client: 127.0.0.1, server: , request: "GET /images/thumb-2.png HTTP/1.0", upstream: "fastcgi://unix:/Users/teejayhidalgo/Library/Application Support/Local/run/3m2dYTpHQ/php/php-fpm.socket:", host: "falconx.local", referrer: "http://falconx.local/"
2021/07/12 20:19:19 [error] 4532#0: *3839 FastCGI sent in stderr: "PHP message: PHP Notice:  Undefined variable: enable_header_search in /Users/teejayhidalgo/Local Sites/falconx/app/bedrock/web/app/themes/falconx-theme/header.php on line 91PHP message: PHP Stack trace:PHP me" while reading upstream, client: 127.0.0.1, server: , request: "GET /images/thumb-3.png HTTP/1.0", upstream: "fastcgi://unix:/Users/teejayhidalgo/Library/Application Support/Local/run/3m2dYTpHQ/php/php-fpm.socket:", host: "falconx.local", referrer: "http://falconx.local/"
2021/07/12 20:19:19 [error] 4532#0: *3839 FastCGI sent in stderr: "ssage: PHP   1. {main}() /Users/teejayhidalgo/Local Sites/falconx/app/bedrock/web/index.php:0PHP message: PHP   2. require() /Users/teejayhidalgo/Local Sites/falconx/app/bedrock/web/index.php:6PHP message: PHP   3. require_once() /Users/teejayhidalgo/Local Sites/falconx/app/bedrock/web/wp/wp-blog-header.php:19PHP message: PHP   4. include() /Users/teejayhidalgo/Local Sites/falconx/app/bedrock/web/wp/wp-includes/template-loader.php:106PHP message: PHP   5. get_header() /Users/teejayhidalgo/Local Sites/falconx/app/bedrock/web/app/themes/falconx-theme/index.php:17PHP message: PHP   6. locate_template() /Users/teejayhidalgo/Local Sites/falconx/app/bedrock/web/wp/wp-includes/general-template.php:48PHP message: PHP   7. load_template() /Users/teejayhidalgo/Local Sites/falconx/app/bedrock/web/wp/wp-includes/template.php:676PHP message: PHP   8. require_once() /Users/teejayhidalgo/Local Sites/falconx/app/bedrock/web/wp/wp-includes/template.php:730" while reading upstream, client: 127.0.0.1, server: , request: "GET /images/thumb-3.png HTTP/1.0", upstream: "fastcgi://unix:/Users/teejayhidalgo/Library/Application Support/Local/run/3m2dYTpHQ/php/php-fpm.socket:", host: "falconx.local", referrer: "http://falconx.local/"
2021/07/12 20:19:19 [error] 4532#0: *3840 FastCGI sent in stderr: "PHP message: PHP Notice:  Undefined variable: enable_header_search in /Users/teejayhidalgo/Local Sites/falconx/app/bedrock/web/app/themes/falconx-theme/header.php on line 91PHP message: PHP Stack trace:PHP me" while reading upstream, client: 127.0.0.1, server: , request: "GET /images/thumb-4.png HTTP/1.0", upstream: "fastcgi://unix:/Users/teejayhidalgo/Library/Application Support/Local/run/3m2dYTpHQ/php/php-fpm.socket:", host: "falconx.local", referrer: "http://falconx.local/"
2021/07/12 20:19:19 [error] 4532#0: *3840 FastCGI sent in stderr: "ssage: PHP   1. {main}() /Users/teejayhidalgo/Local Sites/falconx/app/bedrock/web/index.php:0PHP message: PHP   2. require() /Users/teejayhidalgo/Local Sites/falconx/app/bedrock/web/index.php:6PHP message: PHP   3. require_once() /Users/teejayhidalgo/Local Sites/falconx/app/bedrock/web/wp/wp-blog-header.php:19PHP message: PHP   4. include() /Users/teejayhidalgo/Local Sites/falconx/app/bedrock/web/wp/wp-includes/template-loader.php:106PHP message: PHP   5. get_header() /Users/teejayhidalgo/Local Sites/falconx/app/bedrock/web/app/themes/falconx-theme/index.php:17PHP message: PHP   6. locate_template() /Users/teejayhidalgo/Local Sites/falconx/app/bedrock/web/wp/wp-includes/general-template.php:48PHP message: PHP   7. load_template() /Users/teejayhidalgo/Local Sites/falconx/app/bedrock/web/wp/wp-includes/template.php:676PHP message: PHP   8. require_once() /Users/teejayhidalgo/Local Sites/falconx/app/bedrock/web/wp/wp-includes/template.php:730" while reading upstream, client: 127.0.0.1, server: , request: "GET /images/thumb-4.png HTTP/1.0", upstream: "fastcgi://unix:/Users/teejayhidalgo/Library/Application Support/Local/run/3m2dYTpHQ/php/php-fpm.socket:", host: "falconx.local", referrer: "http://falconx.local/"
2021/07/12 20:19:19 [error] 4532#0: *3846 FastCGI sent in stderr: "PHP message: PHP Notice:  Undefined variable: enable_header_search in /Users/teejayhidalgo/Local Sites/falconx/app/bedrock/web/app/themes/falconx-theme/header.php on line 91PHP message: PHP Stack trace:PHP me" while reading upstream, client: 127.0.0.1, server: , request: "GET /images/icon-1.png HTTP/1.0", upstream: "fastcgi://unix:/Users/teejayhidalgo/Library/Application Support/Local/run/3m2dYTpHQ/php/php-fpm.socket:", host: "falconx.local", referrer: "http://falconx.local/"
2021/07/12 20:19:19 [error] 4532#0: *3846 FastCGI sent in stderr: "ssage: PHP   1. {main}() /Users/teejayhidalgo/Local Sites/falconx/app/bedrock/web/index.php:0PHP message: PHP   2. require() /Users/teejayhidalgo/Local Sites/falconx/app/bedrock/web/index.php:6PHP message: PHP   3. require_once() /Users/teejayhidalgo/Local Sites/falconx/app/bedrock/web/wp/wp-blog-header.php:19PHP message: PHP   4. include() /Users/teejayhidalgo/Local Sites/falconx/app/bedrock/web/wp/wp-includes/template-loader.php:106PHP message: PHP   5. get_header() /Users/teejayhidalgo/Local Sites/falconx/app/bedrock/web/app/themes/falconx-theme/index.php:17PHP message: PHP   6. locate_template() /Users/teejayhidalgo/Local Sites/falconx/app/bedrock/web/wp/wp-includes/general-template.php:48PHP message: PHP   7. load_template() /Users/teejayhidalgo/Local Sites/falconx/app/bedrock/web/wp/wp-includes/template.php:676PHP message: PHP   8. require_once() /Users/teejayhidalgo/Local Sites/falconx/app/bedrock/web/wp/wp-includes/template.php:730" while reading upstream, client: 127.0.0.1, server: , request: "GET /images/icon-1.png HTTP/1.0", upstream: "fastcgi://unix:/Users/teejayhidalgo/Library/Application Support/Local/run/3m2dYTpHQ/php/php-fpm.socket:", host: "falconx.local", referrer: "http://falconx.local/"
2021/07/12 20:19:19 [error] 4532#0: *3848 FastCGI sent in stderr: "PHP message: PHP Notice:  Undefined variable: enable_header_search in /Users/teejayhidalgo/Local Sites/falconx/app/bedrock/web/app/themes/falconx-theme/header.php on line 91PHP message: PHP Stack trace:PHP me" while reading upstream, client: 127.0.0.1, server: , request: "GET /images/hero.png HTTP/1.0", upstream: "fastcgi://unix:/Users/teejayhidalgo/Library/Application Support/Local/run/3m2dYTpHQ/php/php-fpm.socket:", host: "falconx.local", referrer: "http://falconx.local/app/themes/falconx-theme/css/style.css?ver=5.7.2"
2021/07/12 20:19:19 [error] 4532#0: *3848 FastCGI sent in stderr: "ssage: PHP   1. {main}() /Users/teejayhidalgo/Local Sites/falconx/app/bedrock/web/index.php:0PHP message: PHP   2. require() /Users/teejayhidalgo/Local Sites/falconx/app/bedrock/web/index.php:6PHP message: PHP   3. require_once() /Users/teejayhidalgo/Local Sites/falconx/app/bedrock/web/wp/wp-blog-header.php:19PHP message: PHP   4. include() /Users/teejayhidalgo/Local Sites/falconx/app/bedrock/web/wp/wp-includes/template-loader.php:106PHP message: PHP   5. get_header() /Users/teejayhidalgo/Local Sites/falconx/app/bedrock/web/app/themes/falconx-theme/index.php:17PHP message: PHP   6. locate_template() /Users/teejayhidalgo/Local Sites/falconx/app/bedrock/web/wp/wp-includes/general-template.php:48PHP message: PHP   7. load_template() /Users/teejayhidalgo/Local Sites/falconx/app/bedrock/web/wp/wp-includes/template.php:676PHP message: PHP   8. require_once() /Users/teejayhidalgo/Local Sites/falconx/app/bedrock/web/wp/wp-includes/template.php:730" while reading upstream, client: 127.0.0.1, server: , request: "GET /images/hero.png HTTP/1.0", upstream: "fastcgi://unix:/Users/teejayhidalgo/Library/Application Support/Local/run/3m2dYTpHQ/php/php-fpm.socket:", host: "falconx.local", referrer: "http://falconx.local/app/themes/falconx-theme/css/style.css?ver=5.7.2"
2021/07/12 20:19:19 [error] 4532#0: *3852 FastCGI sent in stderr: "PHP message: PHP Notice:  Undefined variable: enable_header_search in /Users/teejayhidalgo/Local Sites/falconx/app/bedrock/web/app/themes/falconx-theme/header.php on line 91PHP message: PHP Stack trace:PHP message: PHP   1. {main}() /Users/teejayhidalgo/Local Sites/falconx/app/bedrock/web/index.php:0PHP message: PHP   2. require() /Users/teejayhidalgo/Local Sites/falconx/app/bedrock/web/index.php:6PHP message: PHP   3. require_once() /Users/teejayhidalgo/Local Sites/falconx/app/bedrock/web/wp/wp-blog-header.php:19PHP message: PHP   4. include() /Users/teejayhidalgo/Local Sites/falconx/app/bedrock/web/wp/wp-includes/template-loader.php:106PHP message: PHP   5. get_header() /Users/teejayhidalgo/Local Sites/falconx/app/bedrock/web/app/themes/falconx-theme/front-page.php:1PHP message: PHP   6. locate_template() /Users/teejayhidalgo/Local Sites/falconx/app/bedrock/web/wp/wp-includes/general-template.php:48PHP message: PHP   7. load_template() /Users/teejayhidalgo/Local Sites/falconx/app/bedrock/web/wp/wp-includes/template.php:676PHP message: PHP   8. require_once() /Users/teejayhidalgo/Local Sites/falconx/app/bedrock/web/wp/wp-includes/template.php:730" while reading upstream, client: 127.0.0.1, server: , request: "GET / HTTP/1.0", upstream: "fastcgi://unix:/Users/teejayhidalgo/Library/Application Support/Local/run/3m2dYTpHQ/php/php-fpm.socket:", host: "falconx.local", referrer: "http://falconx.local/wp/wp-admin/themes.php"
2021/07/12 20:19:19 [error] 4532#0: *3871 FastCGI sent in stderr: "PHP message: PHP Notice:  Undefined variable: enable_header_search in /Users/teejayhidalgo/Local Sites/falconx/app/bedrock/web/app/themes/falconx-theme/header.php on line 91PHP message: PHP Stack trace:PHP me" while reading upstream, client: 127.0.0.1, server: , request: "GET /images/logo.png HTTP/1.0", upstream: "fastcgi://unix:/Users/teejayhidalgo/Library/Application Support/Local/run/3m2dYTpHQ/php/php-fpm.socket:", host: "falconx.local", referrer: "http://falconx.local/"
2021/07/12 20:19:19 [error] 4532#0: *3871 FastCGI sent in stderr: "ssage: PHP   1. {main}() /Users/teejayhidalgo/Local Sites/falconx/app/bedrock/web/index.php:0PHP message: PHP   2. require() /Users/teejayhidalgo/Local Sites/falconx/app/bedrock/web/index.php:6PHP message: PHP   3. require_once() /Users/teejayhidalgo/Local Sites/falconx/app/bedrock/web/wp/wp-blog-header.php:19PHP message: PHP   4. include() /Users/teejayhidalgo/Local Sites/falconx/app/bedrock/web/wp/wp-includes/template-loader.php:106PHP message: PHP   5. get_header() /Users/teejayhidalgo/Local Sites/falconx/app/bedrock/web/app/themes/falconx-theme/index.php:17PHP message: PHP   6. locate_template() /Users/teejayhidalgo/Local Sites/falconx/app/bedrock/web/wp/wp-includes/general-template.php:48PHP message: PHP   7. load_template() /Users/teejayhidalgo/Local Sites/falconx/app/bedrock/web/wp/wp-includes/template.php:676PHP message: PHP   8. require_once() /Users/teejayhidalgo/Local Sites/falconx/app/bedrock/web/wp/wp-includes/template.php:730" while reading upstream, client: 127.0.0.1, server: , request: "GET /images/logo.png HTTP/1.0", upstream: "fastcgi://unix:/Users/teejayhidalgo/Library/Application Support/Local/run/3m2dYTpHQ/php/php-fpm.socket:", host: "falconx.local", referrer: "http://falconx.local/"
2021/07/12 20:19:20 [error] 4532#0: *3873 FastCGI sent in stderr: "PHP message: PHP Notice:  Undefined variable: enable_header_search in /Users/teejayhidalgo/Local Sites/falconx/app/bedrock/web/app/themes/falconx-theme/header.php on line 91PHP message: PHP Stack trace:PHP me" while reading upstream, client: 127.0.0.1, server: , request: "GET /images/thumb-1.png HTTP/1.0", upstream: "fastcgi://unix:/Users/teejayhidalgo/Library/Application Support/Local/run/3m2dYTpHQ/php/php-fpm.socket:", host: "falconx.local", referrer: "http://falconx.local/"
2021/07/12 20:19:20 [error] 4532#0: *3873 FastCGI sent in stderr: "ssage: PHP   1. {main}() /Users/teejayhidalgo/Local Sites/falconx/app/bedrock/web/index.php:0PHP message: PHP   2. require() /Users/teejayhidalgo/Local Sites/falconx/app/bedrock/web/index.php:6PHP message: PHP   3. require_once() /Users/teejayhidalgo/Local Sites/falconx/app/bedrock/web/wp/wp-blog-header.php:19PHP message: PHP   4. include() /Users/teejayhidalgo/Local Sites/falconx/app/bedrock/web/wp/wp-includes/template-loader.php:106PHP message: PHP   5. get_header() /Users/teejayhidalgo/Local Sites/falconx/app/bedrock/web/app/themes/falconx-theme/index.php:17PHP message: PHP   6. locate_template() /Users/teejayhidalgo/Local Sites/falconx/app/bedrock/web/wp/wp-includes/general-template.php:48PHP message: PHP   7. load_template() /Users/teejayhidalgo/Local Sites/falconx/app/bedrock/web/wp/wp-includes/template.php:676PHP message: PHP   8. require_once() /Users/teejayhidalgo/Local Sites/falconx/app/bedrock/web/wp/wp-includes/template.php:730" while reading upstream, client: 127.0.0.1, server: , request: "GET /images/thumb-1.png HTTP/1.0", upstream: "fastcgi://unix:/Users/teejayhidalgo/Library/Application Support/Local/run/3m2dYTpHQ/php/php-fpm.socket:", host: "falconx.local", referrer: "http://falconx.local/"
2021/07/12 20:19:20 [error] 4532#0: *3875 FastCGI sent in stderr: "PHP message: PHP Notice:  Undefined variable: enable_header_search in /Users/teejayhidalgo/Local Sites/falconx/app/bedrock/web/app/themes/falconx-theme/header.php on line 91PHP message: PHP Stack trace:PHP me" while reading upstream, client: 127.0.0.1, server: , request: "GET /images/thumb-2.png HTTP/1.0", upstream: "fastcgi://unix:/Users/teejayhidalgo/Library/Application Support/Local/run/3m2dYTpHQ/php/php-fpm.socket:", host: "falconx.local", referrer: "http://falconx.local/"
2021/07/12 20:19:20 [error] 4532#0: *3875 FastCGI sent in stderr: "ssage: PHP   1. {main}() /Users/teejayhidalgo/Local Sites/falconx/app/bedrock/web/index.php:0PHP message: PHP   2. require() /Users/teejayhidalgo/Local Sites/falconx/app/bedrock/web/index.php:6PHP message: PHP   3. require_once() /Users/teejayhidalgo/Local Sites/falconx/app/bedrock/web/wp/wp-blog-header.php:19PHP message: PHP   4. include() /Users/teejayhidalgo/Local Sites/falconx/app/bedrock/web/wp/wp-includes/template-loader.php:106PHP message: PHP   5. get_header() /Users/teejayhidalgo/Local Sites/falconx/app/bedrock/web/app/themes/falconx-theme/index.php:17PHP message: PHP   6. locate_template() /Users/teejayhidalgo/Local Sites/falconx/app/bedrock/web/wp/wp-includes/general-template.php:48PHP message: PHP   7. load_template() /Users/teejayhidalgo/Local Sites/falconx/app/bedrock/web/wp/wp-includes/template.php:676PHP message: PHP   8. require_once() /Users/teejayhidalgo/Local Sites/falconx/app/bedrock/web/wp/wp-includes/template.php:730" while reading upstream, client: 127.0.0.1, server: , request: "GET /images/thumb-2.png HTTP/1.0", upstream: "fastcgi://unix:/Users/teejayhidalgo/Library/Application Support/Local/run/3m2dYTpHQ/php/php-fpm.socket:", host: "falconx.local", referrer: "http://falconx.local/"
2021/07/12 20:19:20 [error] 4532#0: *3877 FastCGI sent in stderr: "PHP message: PHP Notice:  Undefined variable: enable_header_search in /Users/teejayhidalgo/Local Sites/falconx/app/bedrock/web/app/themes/falconx-theme/header.php on line 91PHP message: PHP Stack trace:PHP me" while reading upstream, client: 127.0.0.1, server: , request: "GET /images/thumb-3.png HTTP/1.0", upstream: "fastcgi://unix:/Users/teejayhidalgo/Library/Application Support/Local/run/3m2dYTpHQ/php/php-fpm.socket:", host: "falconx.local", referrer: "http://falconx.local/"
2021/07/12 20:19:20 [error] 4532#0: *3877 FastCGI sent in stderr: "ssage: PHP   1. {main}() /Users/teejayhidalgo/Local Sites/falconx/app/bedrock/web/index.php:0PHP message: PHP   2. require() /Users/teejayhidalgo/Local Sites/falconx/app/bedrock/web/index.php:6PHP message: PHP   3. require_once() /Users/teejayhidalgo/Local Sites/falconx/app/bedrock/web/wp/wp-blog-header.php:19PHP message: PHP   4. include() /Users/teejayhidalgo/Local Sites/falconx/app/bedrock/web/wp/wp-includes/template-loader.php:106PHP message: PHP   5. get_header() /Users/teejayhidalgo/Local Sites/falconx/app/bedrock/web/app/themes/falconx-theme/index.php:17PHP message: PHP   6. locate_template() /Users/teejayhidalgo/Local Sites/falconx/app/bedrock/web/wp/wp-includes/general-template.php:48PHP message: PHP   7. load_template() /Users/teejayhidalgo/Local Sites/falconx/app/bedrock/web/wp/wp-includes/template.php:676PHP message: PHP   8. require_once() /Users/teejayhidalgo/Local Sites/falconx/app/bedrock/web/wp/wp-includes/template.php:730" while reading upstream, client: 127.0.0.1, server: , request: "GET /images/thumb-3.png HTTP/1.0", upstream: "fastcgi://unix:/Users/teejayhidalgo/Library/Application Support/Local/run/3m2dYTpHQ/php/php-fpm.socket:", host: "falconx.local", referrer: "http://falconx.local/"
2021/07/12 20:19:20 [error] 4532#0: *3878 FastCGI sent in stderr: "PHP message: PHP Notice:  Undefined variable: enable_header_search in /Users/teejayhidalgo/Local Sites/falconx/app/bedrock/web/app/themes/falconx-theme/header.php on line 91PHP message: PHP Stack trace:PHP me" while reading upstream, client: 127.0.0.1, server: , request: "GET /images/thumb-4.png HTTP/1.0", upstream: "fastcgi://unix:/Users/teejayhidalgo/Library/Application Support/Local/run/3m2dYTpHQ/php/php-fpm.socket:", host: "falconx.local", referrer: "http://falconx.local/"
2021/07/12 20:19:20 [error] 4532#0: *3878 FastCGI sent in stderr: "ssage: PHP   1. {main}() /Users/teejayhidalgo/Local Sites/falconx/app/bedrock/web/index.php:0PHP message: PHP   2. require() /Users/teejayhidalgo/Local Sites/falconx/app/bedrock/web/index.php:6PHP message: PHP   3. require_once() /Users/teejayhidalgo/Local Sites/falconx/app/bedrock/web/wp/wp-blog-header.php:19PHP message: PHP   4. include() /Users/teejayhidalgo/Local Sites/falconx/app/bedrock/web/wp/wp-includes/template-loader.php:106PHP message: PHP   5. get_header() /Users/teejayhidalgo/Local Sites/falconx/app/bedrock/web/app/themes/falconx-theme/index.php:17PHP message: PHP   6. locate_template() /Users/teejayhidalgo/Local Sites/falconx/app/bedrock/web/wp/wp-includes/general-template.php:48PHP message: PHP   7. load_template() /Users/teejayhidalgo/Local Sites/falconx/app/bedrock/web/wp/wp-includes/template.php:676PHP message: PHP   8. require_once() /Users/teejayhidalgo/Local Sites/falconx/app/bedrock/web/wp/wp-includes/template.php:730" while reading upstream, client: 127.0.0.1, server: , request: "GET /images/thumb-4.png HTTP/1.0", upstream: "fastcgi://unix:/Users/teejayhidalgo/Library/Application Support/Local/run/3m2dYTpHQ/php/php-fpm.socket:", host: "falconx.local", referrer: "http://falconx.local/"
2021/07/12 20:19:20 [error] 4532#0: *3881 FastCGI sent in stderr: "PHP message: PHP Notice:  Undefined variable: enable_header_search in /Users/teejayhidalgo/Local Sites/falconx/app/bedrock/web/app/themes/falconx-theme/header.php on line 91PHP message: PHP Stack trace:PHP me" while reading upstream, client: 127.0.0.1, server: , request: "GET /images/icon-1.png HTTP/1.0", upstream: "fastcgi://unix:/Users/teejayhidalgo/Library/Application Support/Local/run/3m2dYTpHQ/php/php-fpm.socket:", host: "falconx.local", referrer: "http://falconx.local/"
2021/07/12 20:19:20 [error] 4532#0: *3881 FastCGI sent in stderr: "ssage: PHP   1. {main}() /Users/teejayhidalgo/Local Sites/falconx/app/bedrock/web/index.php:0PHP message: PHP   2. require() /Users/teejayhidalgo/Local Sites/falconx/app/bedrock/web/index.php:6PHP message: PHP   3. require_once() /Users/teejayhidalgo/Local Sites/falconx/app/bedrock/web/wp/wp-blog-header.php:19PHP message: PHP   4. include() /Users/teejayhidalgo/Local Sites/falconx/app/bedrock/web/wp/wp-includes/template-loader.php:106PHP message: PHP   5. get_header() /Users/teejayhidalgo/Local Sites/falconx/app/bedrock/web/app/themes/falconx-theme/index.php:17PHP message: PHP   6. locate_template() /Users/teejayhidalgo/Local Sites/falconx/app/bedrock/web/wp/wp-includes/general-template.php:48PHP message: PHP   7. load_template() /Users/teejayhidalgo/Local Sites/falconx/app/bedrock/web/wp/wp-includes/template.php:676PHP message: PHP   8. require_once() /Users/teejayhidalgo/Local Sites/falconx/app/bedrock/web/wp/wp-includes/template.php:730" while reading upstream, client: 127.0.0.1, server: , request: "GET /images/icon-1.png HTTP/1.0", upstream: "fastcgi://unix:/Users/teejayhidalgo/Library/Application Support/Local/run/3m2dYTpHQ/php/php-fpm.socket:", host: "falconx.local", referrer: "http://falconx.local/"
2021/07/12 20:19:20 [error] 4532#0: *3883 FastCGI sent in stderr: "PHP message: PHP Notice:  Undefined variable: enable_header_search in /Users/teejayhidalgo/Local Sites/falconx/app/bedrock/web/app/themes/falconx-theme/header.php on line 91PHP message: PHP Stack trace:PHP me" while reading upstream, client: 127.0.0.1, server: , request: "GET /images/hero.png HTTP/1.0", upstream: "fastcgi://unix:/Users/teejayhidalgo/Library/Application Support/Local/run/3m2dYTpHQ/php/php-fpm.socket:", host: "falconx.local", referrer: "http://falconx.local/app/themes/falconx-theme/css/style.css?ver=5.7.2"
2021/07/12 20:19:20 [error] 4532#0: *3883 FastCGI sent in stderr: "ssage: PHP   1. {main}() /Users/teejayhidalgo/Local Sites/falconx/app/bedrock/web/index.php:0PHP message: PHP   2. require() /Users/teejayhidalgo/Local Sites/falconx/app/bedrock/web/index.php:6PHP message: PHP   3. require_once() /Users/teejayhidalgo/Local Sites/falconx/app/bedrock/web/wp/wp-blog-header.php:19PHP message: PHP   4. include() /Users/teejayhidalgo/Local Sites/falconx/app/bedrock/web/wp/wp-includes/template-loader.php:106PHP message: PHP   5. get_header() /Users/teejayhidalgo/Local Sites/falconx/app/bedrock/web/app/themes/falconx-theme/index.php:17PHP message: PHP   6. locate_template() /Users/teejayhidalgo/Local Sites/falconx/app/bedrock/web/wp/wp-includes/general-template.php:48PHP message: PHP   7. load_template() /Users/teejayhidalgo/Local Sites/falconx/app/bedrock/web/wp/wp-includes/template.php:676PHP message: PHP   8. require_once() /Users/teejayhidalgo/Local Sites/falconx/app/bedrock/web/wp/wp-includes/template.php:730" while reading upstream, client: 127.0.0.1, server: , request: "GET /images/hero.png HTTP/1.0", upstream: "fastcgi://unix:/Users/teejayhidalgo/Library/Application Support/Local/run/3m2dYTpHQ/php/php-fpm.socket:", host: "falconx.local", referrer: "http://falconx.local/app/themes/falconx-theme/css/style.css?ver=5.7.2"
2021/07/12 20:19:20 [error] 4532#0: *3885 FastCGI sent in stderr: "PHP message: PHP Notice:  Undefined variable: enable_header_search in /Users/teejayhidalgo/Local Sites/falconx/app/bedrock/web/app/themes/falconx-theme/header.php on line 91PHP message: PHP Stack trace:PHP me" while reading upstream, client: 127.0.0.1, server: , request: "GET /images/icon-2.png HTTP/1.0", upstream: "fastcgi://unix:/Users/teejayhidalgo/Library/Application Support/Local/run/3m2dYTpHQ/php/php-fpm.socket:", host: "falconx.local", referrer: "http://falconx.local/"
2021/07/12 20:19:20 [error] 4532#0: *3885 FastCGI sent in stderr: "ssage: PHP   1. {main}() /Users/teejayhidalgo/Local Sites/falconx/app/bedrock/web/index.php:0PHP message: PHP   2. require() /Users/teejayhidalgo/Local Sites/falconx/app/bedrock/web/index.php:6PHP message: PHP   3. require_once() /Users/teejayhidalgo/Local Sites/falconx/app/bedrock/web/wp/wp-blog-header.php:19PHP message: PHP   4. include() /Users/teejayhidalgo/Local Sites/falconx/app/bedrock/web/wp/wp-includes/template-loader.php:106PHP message: PHP   5. get_header() /Users/teejayhidalgo/Local Sites/falconx/app/bedrock/web/app/themes/falconx-theme/index.php:17PHP message: PHP   6. locate_template() /Users/teejayhidalgo/Local Sites/falconx/app/bedrock/web/wp/wp-includes/general-template.php:48PHP message: PHP   7. load_template() /Users/teejayhidalgo/Local Sites/falconx/app/bedrock/web/wp/wp-includes/template.php:676PHP message: PHP   8. require_once() /Users/teejayhidalgo/Local Sites/falconx/app/bedrock/web/wp/wp-includes/template.php:730" while reading upstream, client: 127.0.0.1, server: , request: "GET /images/icon-2.png HTTP/1.0", upstream: "fastcgi://unix:/Users/teejayhidalgo/Library/Application Support/Local/run/3m2dYTpHQ/php/php-fpm.socket:", host: "falconx.local", referrer: "http://falconx.local/"
2021/07/12 20:19:20 [error] 4532#0: *3887 FastCGI sent in stderr: "PHP message: PHP Notice:  Undefined variable: enable_header_search in /Users/teejayhidalgo/Local Sites/falconx/app/bedrock/web/app/themes/falconx-theme/header.php on line 91PHP message: PHP Stack trace:PHP me" while reading upstream, client: 127.0.0.1, server: , request: "GET /images/icon-3.png HTTP/1.0", upstream: "fastcgi://unix:/Users/teejayhidalgo/Library/Application Support/Local/run/3m2dYTpHQ/php/php-fpm.socket:", host: "falconx.local", referrer: "http://falconx.local/"
2021/07/12 20:19:20 [error] 4532#0: *3887 FastCGI sent in stderr: "ssage: PHP   1. {main}() /Users/teejayhidalgo/Local Sites/falconx/app/bedrock/web/index.php:0PHP message: PHP   2. require() /Users/teejayhidalgo/Local Sites/falconx/app/bedrock/web/index.php:6PHP message: PHP   3. require_once() /Users/teejayhidalgo/Local Sites/falconx/app/bedrock/web/wp/wp-blog-header.php:19PHP message: PHP   4. include() /Users/teejayhidalgo/Local Sites/falconx/app/bedrock/web/wp/wp-includes/template-loader.php:106PHP message: PHP   5. get_header() /Users/teejayhidalgo/Local Sites/falconx/app/bedrock/web/app/themes/falconx-theme/index.php:17PHP message: PHP   6. locate_template() /Users/teejayhidalgo/Local Sites/falconx/app/bedrock/web/wp/wp-includes/general-template.php:48PHP message: PHP   7. load_template() /Users/teejayhidalgo/Local Sites/falconx/app/bedrock/web/wp/wp-includes/template.php:676PHP message: PHP   8. require_once() /Users/teejayhidalgo/Local Sites/falconx/app/bedrock/web/wp/wp-includes/template.php:730" while reading upstream, client: 127.0.0.1, server: , request: "GET /images/icon-3.png HTTP/1.0", upstream: "fastcgi://unix:/Users/teejayhidalgo/Library/Application Support/Local/run/3m2dYTpHQ/php/php-fpm.socket:", host: "falconx.local", referrer: "http://falconx.local/"
2021/07/12 20:19:20 [error] 4532#0: *3889 FastCGI sent in stderr: "PHP message: PHP Notice:  Undefined variable: enable_header_search in /Users/teejayhidalgo/Local Sites/falconx/app/bedrock/web/app/themes/falconx-theme/header.php on line 91PHP message: PHP Stack trace:PHP me" while reading upstream, client: 127.0.0.1, server: , request: "GET /images/icon-4.png HTTP/1.0", upstream: "fastcgi://unix:/Users/teejayhidalgo/Library/Application Support/Local/run/3m2dYTpHQ/php/php-fpm.socket:", host: "falconx.local", referrer: "http://falconx.local/"
2021/07/12 20:19:20 [error] 4532#0: *3889 FastCGI sent in stderr: "ssage: PHP   1. {main}() /Users/teejayhidalgo/Local Sites/falconx/app/bedrock/web/index.php:0PHP message: PHP   2. require() /Users/teejayhidalgo/Local Sites/falconx/app/bedrock/web/index.php:6PHP message: PHP   3. require_once() /Users/teejayhidalgo/Local Sites/falconx/app/bedrock/web/wp/wp-blog-header.php:19PHP message: PHP   4. include() /Users/teejayhidalgo/Local Sites/falconx/app/bedrock/web/wp/wp-includes/template-loader.php:106PHP message: PHP   5. get_header() /Users/teejayhidalgo/Local Sites/falconx/app/bedrock/web/app/themes/falconx-theme/index.php:17PHP message: PHP   6. locate_template() /Users/teejayhidalgo/Local Sites/falconx/app/bedrock/web/wp/wp-includes/general-template.php:48PHP message: PHP   7. load_template() /Users/teejayhidalgo/Local Sites/falconx/app/bedrock/web/wp/wp-includes/template.php:676PHP message: PHP   8. require_once() /Users/teejayhidalgo/Local Sites/falconx/app/bedrock/web/wp/wp-includes/template.php:730" while reading upstream, client: 127.0.0.1, server: , request: "GET /images/icon-4.png HTTP/1.0", upstream: "fastcgi://unix:/Users/teejayhidalgo/Library/Application Support/Local/run/3m2dYTpHQ/php/php-fpm.socket:", host: "falconx.local", referrer: "http://falconx.local/"
2021/07/12 20:19:20 [error] 4532#0: *3893 FastCGI sent in stderr: "PHP message: PHP Notice:  Undefined variable: enable_header_search in /Users/teejayhidalgo/Local Sites/falconx/app/bedrock/web/app/themes/falconx-theme/header.php on line 91PHP message: PHP Stack trac" while reading upstream, client: 127.0.0.1, server: , request: "GET /images/articles-image.jpg HTTP/1.0", upstream: "fastcgi://unix:/Users/teejayhidalgo/Library/Application Support/Local/run/3m2dYTpHQ/php/php-fpm.socket:", host: "falconx.local", referrer: "http://falconx.local/app/themes/falconx-theme/css/style.css?ver=5.7.2"
2021/07/12 20:19:20 [error] 4532#0: *3893 FastCGI sent in stderr: "e:PHP message: PHP   1. {main}() /Users/teejayhidalgo/Local Sites/falconx/app/bedrock/web/index.php:0PHP message: PHP   2. require() /Users/teejayhidalgo/Local Sites/falconx/app/bedrock/web/index.php:6PHP message: PHP   3. require_once() /Users/teejayhidalgo/Local Sites/falconx/app/bedrock/web/wp/wp-blog-header.php:19PHP message: PHP   4. include() /Users/teejayhidalgo/Local Sites/falconx/app/bedrock/web/wp/wp-includes/template-loader.php:106PHP message: PHP   5. get_header() /Users/teejayhidalgo/Local Sites/falconx/app/bedrock/web/app/themes/falconx-theme/index.php:17PHP message: PHP   6. locate_template() /Users/teejayhidalgo/Local Sites/falconx/app/bedrock/web/wp/wp-includes/general-template.php:48PHP message: PHP   7. load_template() /Users/teejayhidalgo/Local Sites/falconx/app/bedrock/web/wp/wp-includes/template.php:676PHP message: PHP   8. require_once() /Users/teejayhidalgo/Local Sites/falconx/app/bedrock/web/wp/wp-includes/template.php:730" while reading upstream, client: 127.0.0.1, server: , request: "GET /images/articles-image.jpg HTTP/1.0", upstream: "fastcgi://unix:/Users/teejayhidalgo/Library/Application Support/Local/run/3m2dYTpHQ/php/php-fpm.socket:", host: "falconx.local", referrer: "http://falconx.local/app/themes/falconx-theme/css/style.css?ver=5.7.2"
2021/07/12 21:15:30 [error] 4532#0: *4349 FastCGI sent in stderr: "PHP message: PHP Warning:  An unexpected error occurred. Something may be wrong with WordPress.org or this server&#8217;s configuration. If you continue to have problems, please try the <a href="https://wordpress.org/support/forums/">support forums</a>. (WordPress could not establish a secure connection to WordPress.org. Please contact your server administrator.) in /Users/teejayhidalgo/Local Sites/falconx/app/bedrock/web/wp/wp-includes/update.php on line 614PHP message: PHP Stack trace:PHP message: PHP   1. {main}() /Users/teejayhidalgo/Local Sites/falconx/app/bedrock/web/wp/wp-admin/themes.php:0PHP message: PHP   2. require_once() /Users/teejayhidalgo/Local Sites/falconx/app/bedrock/web/wp/wp-admin/themes.php:10PHP message: PHP   3. do_action() /Users/teejayhidalgo/Local Sites/falconx/app/bedrock/web/wp/wp-admin/admin.php:374PHP message: PHP   4. WP_Hook->do_action() /Users/teejayhidalgo/Local Sites/falconx/app/bedrock/web/wp/wp-includes/plugin.php:484PHP message: PHP   5. WP_Hook->apply_filters() /Users/teejayhidalgo/Local Sites/falconx/app/bedrock/web/wp/wp-includes/class-wp-hook.php:316PHP message: PHP   6. wp_update_themes() /Users/teejayhidalgo/Local Sites/falconx/app/bedrock/web/wp/wp-includes/class-wp-hook.php:292PHP message: PHP   7. trigger_error() /Users/teejayhidalgo/Local Sites/falconx/app/bedrock/web/wp/wp-includes/update.php:614" while reading response header from upstream, client: 127.0.0.1, server: , request: "GET /wp/wp-admin/themes.php HTTP/1.0", upstream: "fastcgi://unix:/Users/teejayhidalgo/Library/Application Support/Local/run/3m2dYTpHQ/php/php-fpm.socket:", host: "falconx.local", referrer: "http://falconx.local/wp/wp-admin/themes.php"
